Flow report for lsu
Fri Nov 08 00:23:07 2024
Quartus II 64-Bit Version 13.0.1 Build 232 06/12/2013 Service Pack 1 SJ Web Edition


---------------------
; Table of Contents ;
---------------------
  1. Legal Notice
  2. Flow Summary
  3. Flow Settings
  4. Flow Non-Default Global Settings
  5. Flow Elapsed Time
  6. Flow OS Summary
  7. Flow Log
  8. Flow Messages
  9. Flow Suppressed Messages



----------------
; Legal Notice ;
----------------
Copyright (C) 1991-2013 Altera Corporation
Your use of Altera Corporation's design tools, logic functions 
and other software and tools, and its AMPP partner logic 
functions, and any output files from any of the foregoing 
(including device programming or simulation files), and any 
associated documentation or information are expressly subject 
to the terms and conditions of the Altera Program License 
Subscription Agreement, Altera MegaCore Function License 
Agreement, or other applicable license agreement, including, 
without limitation, that your use is for the sole purpose of 
programming logic devices manufactured by Altera and sold by 
Altera or its authorized distributors.  Please refer to the 
applicable agreement for further details.



+--------------------------------------------------------------------------------------+
; Flow Summary                                                                         ;
+------------------------------------+-------------------------------------------------+
; Flow Status                        ; Successful - Fri Nov 08 00:23:07 2024           ;
; Quartus II 64-Bit Version          ; 13.0.1 Build 232 06/12/2013 SP 1 SJ Web Edition ;
; Revision Name                      ; lsu                                             ;
; Top-level Entity Name              ; lsu                                             ;
; Family                             ; Cyclone II                                      ;
; Total logic elements               ; 40,539 / 50,528 ( 80 % )                        ;
;     Total combinational functions  ; 23,789 / 50,528 ( 47 % )                        ;
;     Dedicated logic registers      ; 33,864 / 50,528 ( 67 % )                        ;
; Total registers                    ; 33864                                           ;
; Total pins                         ; 287 / 450 ( 64 % )                              ;
; Total virtual pins                 ; 0                                               ;
; Total memory bits                  ; 0 / 594,432 ( 0 % )                             ;
; Embedded Multiplier 9-bit elements ; 0 / 172 ( 0 % )                                 ;
; Total PLLs                         ; 0 / 4 ( 0 % )                                   ;
; Device                             ; EP2C50F672C6                                    ;
; Timing Models                      ; Final                                           ;
+------------------------------------+-------------------------------------------------+


+-----------------------------------------+
; Flow Settings                           ;
+-------------------+---------------------+
; Option            ; Setting             ;
+-------------------+---------------------+
; Start date & time ; 11/08/2024 00:16:10 ;
; Main task         ; Compilation         ;
; Revision Name     ; lsu                 ;
+-------------------+---------------------+


+----------------------------------------------------------------------------------------------------------------------+
; Flow Non-Default Global Settings                                                                                     ;
+-------------------------------------+---------------------------------+---------------+-------------+----------------+
; Assignment Name                     ; Value                           ; Default Value ; Entity Name ; Section Id     ;
+-------------------------------------+---------------------------------+---------------+-------------+----------------+
; COMPILER_SIGNATURE_ID               ; 300153322602.173099977001112    ; --            ; --          ; --             ;
; EDA_OUTPUT_DATA_FORMAT              ; Systemverilog Hdl               ; --            ; --          ; eda_simulation ;
; EDA_SIMULATION_TOOL                 ; ModelSim-Altera (SystemVerilog) ; <None>        ; --          ; --             ;
; PARTITION_COLOR                     ; 16764057                        ; --            ; --          ; Top            ;
; PARTITION_FITTER_PRESERVATION_LEVEL ; PLACEMENT_AND_ROUTING           ; --            ; --          ; Top            ;
; PARTITION_NETLIST_TYPE              ; SOURCE                          ; --            ; --          ; Top            ;
; PROJECT_OUTPUT_DIRECTORY            ; output_files                    ; --            ; --          ; --             ;
+-------------------------------------+---------------------------------+---------------+-------------+----------------+


+-------------------------------------------------------------------------------------------------------------------------------+
; Flow Elapsed Time                                                                                                             ;
+---------------------------+--------------+-------------------------+---------------------+------------------------------------+
; Module Name               ; Elapsed Time ; Average Processors Used ; Peak Virtual Memory ; Total CPU Time (on all processors) ;
+---------------------------+--------------+-------------------------+---------------------+------------------------------------+
; Analysis & Synthesis      ; 00:01:36     ; 1.0                     ; 4854 MB             ; 00:01:04                           ;
; Fitter                    ; 00:04:28     ; 1.0                     ; 5334 MB             ; 00:02:18                           ;
; Assembler                 ; 00:00:04     ; 1.0                     ; 4700 MB             ; 00:00:02                           ;
; TimeQuest Timing Analyzer ; 00:00:17     ; 1.0                     ; 5117 MB             ; 00:00:08                           ;
; EDA Netlist Writer        ; 00:00:15     ; 1.0                     ; 4909 MB             ; 00:00:08                           ;
; Total                     ; 00:06:40     ; --                      ; --                  ; 00:03:40                           ;
+---------------------------+--------------+-------------------------+---------------------+------------------------------------+


+----------------------------------------------------------------------------------------+
; Flow OS Summary                                                                        ;
+---------------------------+------------------+-----------+------------+----------------+
; Module Name               ; Machine Hostname ; OS Name   ; OS Version ; Processor type ;
+---------------------------+------------------+-----------+------------+----------------+
; Analysis & Synthesis      ; DESKTOP-A11NB06  ; Windows 7 ; 6.2        ; x86_64         ;
; Fitter                    ; DESKTOP-A11NB06  ; Windows 7 ; 6.2        ; x86_64         ;
; Assembler                 ; DESKTOP-A11NB06  ; Windows 7 ; 6.2        ; x86_64         ;
; TimeQuest Timing Analyzer ; DESKTOP-A11NB06  ; Windows 7 ; 6.2        ; x86_64         ;
; EDA Netlist Writer        ; DESKTOP-A11NB06  ; Windows 7 ; 6.2        ; x86_64         ;
+---------------------------+------------------+-----------+------------+----------------+


------------
; Flow Log ;
------------
quartus_map --read_settings_files=on --write_settings_files=off lsu -c lsu
quartus_fit --read_settings_files=off --write_settings_files=off lsu -c lsu
quartus_asm --read_settings_files=off --write_settings_files=off lsu -c lsu
quartus_sta lsu -c lsu
quartus_eda --read_settings_files=off --write_settings_files=off lsu -c lsu



