Analysis & Synthesis report for instr_mem
Wed Nov 06 22:48:10 2024
Quartus II 64-Bit Version 13.0.1 Build 232 06/12/2013 Service Pack 1 SJ Web Edition


---------------------
; Table of Contents ;
---------------------
  1. Legal Notice
  2. Analysis & Synthesis Summary
  3. Analysis & Synthesis Settings
  4. Parallel Compilation
  5. Analysis & Synthesis Source Files Read
  6. Analysis & Synthesis Resource Usage Summary
  7. Analysis & Synthesis Resource Utilization by Entity
  8. Analysis & Synthesis RAM Summary
  9. General Register Statistics
 10. Registers Packed Into Inferred Megafunctions
 11. Source assignments for altsyncram:instr_data_rtl_0|altsyncram_5c71:auto_generated
 12. Parameter Settings for Inferred Entity Instance: altsyncram:instr_data_rtl_0
 13. altsyncram Parameter Settings by Entity Instance
 14. Elapsed Time Per Partition
 15. Analysis & Synthesis Messages



----------------
; Legal Notice ;
----------------
Copyright (C) 1991-2013 Altera Corporation
Your use of Altera Corporation's design tools, logic functions 
and other software and tools, and its AMPP partner logic 
functions, and any output files from any of the foregoing 
(including device programming or simulation files), and any 
associated documentation or information are expressly subject 
to the terms and conditions of the Altera Program License 
Subscription Agreement, Altera MegaCore Function License 
Agreement, or other applicable license agreement, including, 
without limitation, that your use is for the sole purpose of 
programming logic devices manufactured by Altera and sold by 
Altera or its authorized distributors.  Please refer to the 
applicable agreement for further details.



+--------------------------------------------------------------------------------------+
; Analysis & Synthesis Summary                                                         ;
+------------------------------------+-------------------------------------------------+
; Analysis & Synthesis Status        ; Successful - Wed Nov 06 22:48:10 2024           ;
; Quartus II 64-Bit Version          ; 13.0.1 Build 232 06/12/2013 SP 1 SJ Web Edition ;
; Revision Name                      ; instr_mem                                       ;
; Top-level Entity Name              ; instr_mem                                       ;
; Family                             ; Cyclone II                                      ;
; Total logic elements               ; 0                                               ;
;     Total combinational functions  ; 0                                               ;
;     Dedicated logic registers      ; 0                                               ;
; Total registers                    ; 0                                               ;
; Total pins                         ; 65                                              ;
; Total virtual pins                 ; 0                                               ;
; Total memory bits                  ; 65,536                                          ;
; Embedded Multiplier 9-bit elements ; 0                                               ;
; Total PLLs                         ; 0                                               ;
+------------------------------------+-------------------------------------------------+


+----------------------------------------------------------------------------------------------------------------------+
; Analysis & Synthesis Settings                                                                                        ;
+----------------------------------------------------------------------------+--------------------+--------------------+
; Option                                                                     ; Setting            ; Default Value      ;
+----------------------------------------------------------------------------+--------------------+--------------------+
; Top-level entity name                                                      ; instr_mem          ; instr_mem          ;
; Family name                                                                ; Cyclone II         ; Cyclone IV GX      ;
; Use smart compilation                                                      ; Off                ; Off                ;
; Enable parallel Assembler and TimeQuest Timing Analyzer during compilation ; On                 ; On                 ;
; Enable compact report table                                                ; Off                ; Off                ;
; Restructure Multiplexers                                                   ; Auto               ; Auto               ;
; Create Debugging Nodes for IP Cores                                        ; Off                ; Off                ;
; Preserve fewer node names                                                  ; On                 ; On                 ;
; Disable OpenCore Plus hardware evaluation                                  ; Off                ; Off                ;
; Verilog Version                                                            ; Verilog_2001       ; Verilog_2001       ;
; VHDL Version                                                               ; VHDL_1993          ; VHDL_1993          ;
; State Machine Processing                                                   ; Auto               ; Auto               ;
; Safe State Machine                                                         ; Off                ; Off                ;
; Extract Verilog State Machines                                             ; On                 ; On                 ;
; Extract VHDL State Machines                                                ; On                 ; On                 ;
; Ignore Verilog initial constructs                                          ; Off                ; Off                ;
; Iteration limit for constant Verilog loops                                 ; 5000               ; 5000               ;
; Iteration limit for non-constant Verilog loops                             ; 250                ; 250                ;
; Add Pass-Through Logic to Inferred RAMs                                    ; On                 ; On                 ;
; Infer RAMs from Raw Logic                                                  ; On                 ; On                 ;
; Parallel Synthesis                                                         ; On                 ; On                 ;
; DSP Block Balancing                                                        ; Auto               ; Auto               ;
; NOT Gate Push-Back                                                         ; On                 ; On                 ;
; Power-Up Don't Care                                                        ; On                 ; On                 ;
; Remove Redundant Logic Cells                                               ; Off                ; Off                ;
; Remove Duplicate Registers                                                 ; On                 ; On                 ;
; Ignore CARRY Buffers                                                       ; Off                ; Off                ;
; Ignore CASCADE Buffers                                                     ; Off                ; Off                ;
; Ignore GLOBAL Buffers                                                      ; Off                ; Off                ;
; Ignore ROW GLOBAL Buffers                                                  ; Off                ; Off                ;
; Ignore LCELL Buffers                                                       ; Off                ; Off                ;
; Ignore SOFT Buffers                                                        ; On                 ; On                 ;
; Limit AHDL Integers to 32 Bits                                             ; Off                ; Off                ;
; Optimization Technique                                                     ; Balanced           ; Balanced           ;
; Carry Chain Length                                                         ; 70                 ; 70                 ;
; Auto Carry Chains                                                          ; On                 ; On                 ;
; Auto Open-Drain Pins                                                       ; On                 ; On                 ;
; Perform WYSIWYG Primitive Resynthesis                                      ; Off                ; Off                ;
; Auto ROM Replacement                                                       ; On                 ; On                 ;
; Auto RAM Replacement                                                       ; On                 ; On                 ;
; Auto Shift Register Replacement                                            ; Auto               ; Auto               ;
; Allow Shift Register Merging across Hierarchies                            ; Auto               ; Auto               ;
; Auto Clock Enable Replacement                                              ; On                 ; On                 ;
; Strict RAM Replacement                                                     ; Off                ; Off                ;
; Allow Synchronous Control Signals                                          ; On                 ; On                 ;
; Force Use of Synchronous Clear Signals                                     ; Off                ; Off                ;
; Auto RAM to Logic Cell Conversion                                          ; Off                ; Off                ;
; Auto Resource Sharing                                                      ; Off                ; Off                ;
; Allow Any RAM Size For Recognition                                         ; Off                ; Off                ;
; Allow Any ROM Size For Recognition                                         ; Off                ; Off                ;
; Allow Any Shift Register Size For Recognition                              ; Off                ; Off                ;
; Use LogicLock Constraints during Resource Balancing                        ; On                 ; On                 ;
; Ignore translate_off and synthesis_off directives                          ; Off                ; Off                ;
; Timing-Driven Synthesis                                                    ; Off                ; Off                ;
; Report Parameter Settings                                                  ; On                 ; On                 ;
; Report Source Assignments                                                  ; On                 ; On                 ;
; Report Connectivity Checks                                                 ; On                 ; On                 ;
; Ignore Maximum Fan-Out Assignments                                         ; Off                ; Off                ;
; Synchronization Register Chain Length                                      ; 2                  ; 2                  ;
; PowerPlay Power Optimization                                               ; Normal compilation ; Normal compilation ;
; HDL message level                                                          ; Level2             ; Level2             ;
; Suppress Register Optimization Related Messages                            ; Off                ; Off                ;
; Number of Removed Registers Reported in Synthesis Report                   ; 5000               ; 5000               ;
; Number of Swept Nodes Reported in Synthesis Report                         ; 5000               ; 5000               ;
; Number of Inverted Registers Reported in Synthesis Report                  ; 100                ; 100                ;
; Clock MUX Protection                                                       ; On                 ; On                 ;
; Auto Gated Clock Conversion                                                ; Off                ; Off                ;
; Block Design Naming                                                        ; Auto               ; Auto               ;
; SDC constraint protection                                                  ; Off                ; Off                ;
; Synthesis Effort                                                           ; Auto               ; Auto               ;
; Shift Register Replacement - Allow Asynchronous Clear Signal               ; On                 ; On                 ;
; Pre-Mapping Resynthesis Optimization                                       ; Off                ; Off                ;
; Analysis & Synthesis Message Level                                         ; Medium             ; Medium             ;
; Disable Register Merging Across Hierarchies                                ; Auto               ; Auto               ;
; Resource Aware Inference For Block RAM                                     ; On                 ; On                 ;
; Synthesis Seed                                                             ; 1                  ; 1                  ;
+----------------------------------------------------------------------------+--------------------+--------------------+


Parallel compilation was disabled, but you have multiple processors available. Enable parallel compilation to reduce compilation time.
+-------------------------------------+
; Parallel Compilation                ;
+----------------------------+--------+
; Processors                 ; Number ;
+----------------------------+--------+
; Number detected on machine ; 8      ;
; Maximum allowed            ; 1      ;
+----------------------------+--------+


+-------------------------------------------------------------------------------------------------------------------------------------------------------------------------------------------------------------------------------------+
; Analysis & Synthesis Source Files Read                                                                                                                                                                                              ;
+-------------------------------------------------+-----------------+-------------------------------------------------------+-----------------------------------------------------------------------------------------------+---------+
; File Name with User-Entered Path                ; Used in Netlist ; File Type                                             ; File Name with Absolute Path                                                                  ; Library ;
+-------------------------------------------------+-----------------+-------------------------------------------------------+-----------------------------------------------------------------------------------------------+---------+
; instr_mem.sv                                    ; yes             ; User SystemVerilog HDL File                           ; C:/altera/13.0sp1/milestone2/00_src/7. instr_mem/instr_mem.sv                                 ;         ;
; /altera/13.0sp1/milestone2/02_test/dump/mem.txt ; yes             ; Auto-Found File                                       ; /altera/13.0sp1/milestone2/02_test/dump/mem.txt                                               ;         ;
; altsyncram.tdf                                  ; yes             ; Megafunction                                          ; c:/altera/13.0sp1/quartus/libraries/megafunctions/altsyncram.tdf                              ;         ;
; stratix_ram_block.inc                           ; yes             ; Megafunction                                          ; c:/altera/13.0sp1/quartus/libraries/megafunctions/stratix_ram_block.inc                       ;         ;
; lpm_mux.inc                                     ; yes             ; Megafunction                                          ; c:/altera/13.0sp1/quartus/libraries/megafunctions/lpm_mux.inc                                 ;         ;
; lpm_decode.inc                                  ; yes             ; Megafunction                                          ; c:/altera/13.0sp1/quartus/libraries/megafunctions/lpm_decode.inc                              ;         ;
; aglobal130.inc                                  ; yes             ; Megafunction                                          ; c:/altera/13.0sp1/quartus/libraries/megafunctions/aglobal130.inc                              ;         ;
; a_rdenreg.inc                                   ; yes             ; Megafunction                                          ; c:/altera/13.0sp1/quartus/libraries/megafunctions/a_rdenreg.inc                               ;         ;
; altrom.inc                                      ; yes             ; Megafunction                                          ; c:/altera/13.0sp1/quartus/libraries/megafunctions/altrom.inc                                  ;         ;
; altram.inc                                      ; yes             ; Megafunction                                          ; c:/altera/13.0sp1/quartus/libraries/megafunctions/altram.inc                                  ;         ;
; altdpram.inc                                    ; yes             ; Megafunction                                          ; c:/altera/13.0sp1/quartus/libraries/megafunctions/altdpram.inc                                ;         ;
; db/altsyncram_5c71.tdf                          ; yes             ; Auto-Generated Megafunction                           ; C:/altera/13.0sp1/milestone2/00_src/7. instr_mem/db/altsyncram_5c71.tdf                       ;         ;
; db/instr_mem.ram0_instr_mem_8ff0214b.hdl.mif    ; yes             ; Auto-Generated Auto-Found Memory Initialization File  ; C:/altera/13.0sp1/milestone2/00_src/7. instr_mem/db/instr_mem.ram0_instr_mem_8ff0214b.hdl.mif ;         ;
+-------------------------------------------------+-----------------+-------------------------------------------------------+-----------------------------------------------------------------------------------------------+---------+


+-----------------------------------------------------+
; Analysis & Synthesis Resource Usage Summary         ;
+---------------------------------------------+-------+
; Resource                                    ; Usage ;
+---------------------------------------------+-------+
;                                             ;       ;
; Total combinational functions               ; 0     ;
; Logic element usage by number of LUT inputs ;       ;
;     -- 4 input functions                    ; 0     ;
;     -- 3 input functions                    ; 0     ;
;     -- <=2 input functions                  ; 0     ;
;                                             ;       ;
; Logic elements by mode                      ;       ;
;     -- normal mode                          ; 0     ;
;     -- arithmetic mode                      ; 0     ;
;                                             ;       ;
; Total registers                             ; 0     ;
;     -- Dedicated logic registers            ; 0     ;
;     -- I/O registers                        ; 0     ;
;                                             ;       ;
; I/O pins                                    ; 65    ;
; Total memory bits                           ; 65536 ;
; Embedded Multiplier 9-bit elements          ; 0     ;
; Maximum fan-out node                        ; i_clk ;
; Maximum fan-out                             ; 32    ;
; Total fan-out                               ; 416   ;
; Average fan-out                             ; 4.29  ;
+---------------------------------------------+-------+


+-------------------------------------------------------------------------------------------------------------------------------------------------------------------------------------------------------------------------------------------+
; Analysis & Synthesis Resource Utilization by Entity                                                                                                                                                                                       ;
+----------------------------------------+-------------------+--------------+-------------+--------------+---------+-----------+------+--------------+-----------------------------------------------------------------------+--------------+
; Compilation Hierarchy Node             ; LC Combinationals ; LC Registers ; Memory Bits ; DSP Elements ; DSP 9x9 ; DSP 18x18 ; Pins ; Virtual Pins ; Full Hierarchy Name                                                   ; Library Name ;
+----------------------------------------+-------------------+--------------+-------------+--------------+---------+-----------+------+--------------+-----------------------------------------------------------------------+--------------+
; |instr_mem                             ; 0 (0)             ; 0 (0)        ; 65536       ; 0            ; 0       ; 0         ; 65   ; 0            ; |instr_mem                                                            ; work         ;
;    |altsyncram:instr_data_rtl_0|       ; 0 (0)             ; 0 (0)        ; 65536       ; 0            ; 0       ; 0         ; 0    ; 0            ; |instr_mem|altsyncram:instr_data_rtl_0                                ; work         ;
;       |altsyncram_5c71:auto_generated| ; 0 (0)             ; 0 (0)        ; 65536       ; 0            ; 0       ; 0         ; 0    ; 0            ; |instr_mem|altsyncram:instr_data_rtl_0|altsyncram_5c71:auto_generated ; work         ;
+----------------------------------------+-------------------+--------------+-------------+--------------+---------+-----------+------+--------------+-----------------------------------------------------------------------+--------------+
Note: For table entries with two numbers listed, the numbers in parentheses indicate the number of resources of the given type used by the specific entity alone. The numbers listed outside of parentheses indicate the total resources of the given type used by the specific entity and all of its sub-entities in the hierarchy.


+--------------------------------------------------------------------------------------------------------------------------------------------------------------------------------------------------------+
; Analysis & Synthesis RAM Summary                                                                                                                                                                       ;
+-----------------------------------------------------------------------+------+------+--------------+--------------+--------------+--------------+-------+----------------------------------------------+
; Name                                                                  ; Type ; Mode ; Port A Depth ; Port A Width ; Port B Depth ; Port B Width ; Size  ; MIF                                          ;
+-----------------------------------------------------------------------+------+------+--------------+--------------+--------------+--------------+-------+----------------------------------------------+
; altsyncram:instr_data_rtl_0|altsyncram_5c71:auto_generated|ALTSYNCRAM ; AUTO ; ROM  ; 2048         ; 32           ; --           ; --           ; 65536 ; db/instr_mem.ram0_instr_mem_8ff0214b.hdl.mif ;
+-----------------------------------------------------------------------+------+------+--------------+--------------+--------------+--------------+-------+----------------------------------------------+


+------------------------------------------------------+
; General Register Statistics                          ;
+----------------------------------------------+-------+
; Statistic                                    ; Value ;
+----------------------------------------------+-------+
; Total registers                              ; 0     ;
; Number of registers using Synchronous Clear  ; 0     ;
; Number of registers using Synchronous Load   ; 0     ;
; Number of registers using Asynchronous Clear ; 0     ;
; Number of registers using Asynchronous Load  ; 0     ;
; Number of registers using Clock Enable       ; 0     ;
; Number of registers using Preset             ; 0     ;
+----------------------------------------------+-------+


+----------------------------------------------+
; Registers Packed Into Inferred Megafunctions ;
+------------------+------------------+--------+
; Register Name    ; Megafunction     ; Type   ;
+------------------+------------------+--------+
; o_instr[0]~reg0  ; instr_data_rtl_0 ; RAM    ;
; o_instr[1]~reg0  ; instr_data_rtl_0 ; RAM    ;
; o_instr[2]~reg0  ; instr_data_rtl_0 ; RAM    ;
; o_instr[3]~reg0  ; instr_data_rtl_0 ; RAM    ;
; o_instr[4]~reg0  ; instr_data_rtl_0 ; RAM    ;
; o_instr[5]~reg0  ; instr_data_rtl_0 ; RAM    ;
; o_instr[6]~reg0  ; instr_data_rtl_0 ; RAM    ;
; o_instr[7]~reg0  ; instr_data_rtl_0 ; RAM    ;
; o_instr[8]~reg0  ; instr_data_rtl_0 ; RAM    ;
; o_instr[9]~reg0  ; instr_data_rtl_0 ; RAM    ;
; o_instr[10]~reg0 ; instr_data_rtl_0 ; RAM    ;
; o_instr[11]~reg0 ; instr_data_rtl_0 ; RAM    ;
; o_instr[12]~reg0 ; instr_data_rtl_0 ; RAM    ;
; o_instr[13]~reg0 ; instr_data_rtl_0 ; RAM    ;
; o_instr[14]~reg0 ; instr_data_rtl_0 ; RAM    ;
; o_instr[15]~reg0 ; instr_data_rtl_0 ; RAM    ;
; o_instr[16]~reg0 ; instr_data_rtl_0 ; RAM    ;
; o_instr[17]~reg0 ; instr_data_rtl_0 ; RAM    ;
; o_instr[18]~reg0 ; instr_data_rtl_0 ; RAM    ;
; o_instr[19]~reg0 ; instr_data_rtl_0 ; RAM    ;
; o_instr[20]~reg0 ; instr_data_rtl_0 ; RAM    ;
; o_instr[21]~reg0 ; instr_data_rtl_0 ; RAM    ;
; o_instr[22]~reg0 ; instr_data_rtl_0 ; RAM    ;
; o_instr[23]~reg0 ; instr_data_rtl_0 ; RAM    ;
; o_instr[24]~reg0 ; instr_data_rtl_0 ; RAM    ;
; o_instr[25]~reg0 ; instr_data_rtl_0 ; RAM    ;
; o_instr[26]~reg0 ; instr_data_rtl_0 ; RAM    ;
; o_instr[27]~reg0 ; instr_data_rtl_0 ; RAM    ;
; o_instr[28]~reg0 ; instr_data_rtl_0 ; RAM    ;
; o_instr[29]~reg0 ; instr_data_rtl_0 ; RAM    ;
; o_instr[30]~reg0 ; instr_data_rtl_0 ; RAM    ;
; o_instr[31]~reg0 ; instr_data_rtl_0 ; RAM    ;
+------------------+------------------+--------+


+-----------------------------------------------------------------------------------+
; Source assignments for altsyncram:instr_data_rtl_0|altsyncram_5c71:auto_generated ;
+---------------------------------+--------------------+------+---------------------+
; Assignment                      ; Value              ; From ; To                  ;
+---------------------------------+--------------------+------+---------------------+
; OPTIMIZE_POWER_DURING_SYNTHESIS ; NORMAL_COMPILATION ; -    ; -                   ;
+---------------------------------+--------------------+------+---------------------+


+----------------------------------------------------------------------------------------------------+
; Parameter Settings for Inferred Entity Instance: altsyncram:instr_data_rtl_0                       ;
+------------------------------------+----------------------------------------------+----------------+
; Parameter Name                     ; Value                                        ; Type           ;
+------------------------------------+----------------------------------------------+----------------+
; BYTE_SIZE_BLOCK                    ; 8                                            ; Untyped        ;
; AUTO_CARRY_CHAINS                  ; ON                                           ; AUTO_CARRY     ;
; IGNORE_CARRY_BUFFERS               ; OFF                                          ; IGNORE_CARRY   ;
; AUTO_CASCADE_CHAINS                ; ON                                           ; AUTO_CASCADE   ;
; IGNORE_CASCADE_BUFFERS             ; OFF                                          ; IGNORE_CASCADE ;
; WIDTH_BYTEENA                      ; 1                                            ; Untyped        ;
; OPERATION_MODE                     ; ROM                                          ; Untyped        ;
; WIDTH_A                            ; 32                                           ; Untyped        ;
; WIDTHAD_A                          ; 11                                           ; Untyped        ;
; NUMWORDS_A                         ; 2048                                         ; Untyped        ;
; OUTDATA_REG_A                      ; UNREGISTERED                                 ; Untyped        ;
; ADDRESS_ACLR_A                     ; NONE                                         ; Untyped        ;
; OUTDATA_ACLR_A                     ; NONE                                         ; Untyped        ;
; WRCONTROL_ACLR_A                   ; NONE                                         ; Untyped        ;
; INDATA_ACLR_A                      ; NONE                                         ; Untyped        ;
; BYTEENA_ACLR_A                     ; NONE                                         ; Untyped        ;
; WIDTH_B                            ; 1                                            ; Untyped        ;
; WIDTHAD_B                          ; 1                                            ; Untyped        ;
; NUMWORDS_B                         ; 1                                            ; Untyped        ;
; INDATA_REG_B                       ; CLOCK1                                       ; Untyped        ;
; WRCONTROL_WRADDRESS_REG_B          ; CLOCK1                                       ; Untyped        ;
; RDCONTROL_REG_B                    ; CLOCK1                                       ; Untyped        ;
; ADDRESS_REG_B                      ; CLOCK1                                       ; Untyped        ;
; OUTDATA_REG_B                      ; UNREGISTERED                                 ; Untyped        ;
; BYTEENA_REG_B                      ; CLOCK1                                       ; Untyped        ;
; INDATA_ACLR_B                      ; NONE                                         ; Untyped        ;
; WRCONTROL_ACLR_B                   ; NONE                                         ; Untyped        ;
; ADDRESS_ACLR_B                     ; NONE                                         ; Untyped        ;
; OUTDATA_ACLR_B                     ; NONE                                         ; Untyped        ;
; RDCONTROL_ACLR_B                   ; NONE                                         ; Untyped        ;
; BYTEENA_ACLR_B                     ; NONE                                         ; Untyped        ;
; WIDTH_BYTEENA_A                    ; 1                                            ; Untyped        ;
; WIDTH_BYTEENA_B                    ; 1                                            ; Untyped        ;
; RAM_BLOCK_TYPE                     ; AUTO                                         ; Untyped        ;
; BYTE_SIZE                          ; 8                                            ; Untyped        ;
; READ_DURING_WRITE_MODE_MIXED_PORTS ; DONT_CARE                                    ; Untyped        ;
; READ_DURING_WRITE_MODE_PORT_A      ; NEW_DATA_NO_NBE_READ                         ; Untyped        ;
; READ_DURING_WRITE_MODE_PORT_B      ; NEW_DATA_NO_NBE_READ                         ; Untyped        ;
; INIT_FILE                          ; db/instr_mem.ram0_instr_mem_8ff0214b.hdl.mif ; Untyped        ;
; INIT_FILE_LAYOUT                   ; PORT_A                                       ; Untyped        ;
; MAXIMUM_DEPTH                      ; 0                                            ; Untyped        ;
; CLOCK_ENABLE_INPUT_A               ; NORMAL                                       ; Untyped        ;
; CLOCK_ENABLE_INPUT_B               ; NORMAL                                       ; Untyped        ;
; CLOCK_ENABLE_OUTPUT_A              ; NORMAL                                       ; Untyped        ;
; CLOCK_ENABLE_OUTPUT_B              ; NORMAL                                       ; Untyped        ;
; CLOCK_ENABLE_CORE_A                ; USE_INPUT_CLKEN                              ; Untyped        ;
; CLOCK_ENABLE_CORE_B                ; USE_INPUT_CLKEN                              ; Untyped        ;
; ENABLE_ECC                         ; FALSE                                        ; Untyped        ;
; ECC_PIPELINE_STAGE_ENABLED         ; FALSE                                        ; Untyped        ;
; WIDTH_ECCSTATUS                    ; 3                                            ; Untyped        ;
; DEVICE_FAMILY                      ; Cyclone II                                   ; Untyped        ;
; CBXI_PARAMETER                     ; altsyncram_5c71                              ; Untyped        ;
+------------------------------------+----------------------------------------------+----------------+
Note: In order to hide this table in the UI and the text report file, please set the "Show Parameter Settings in Synthesis Report" option in "Analysis and Synthesis Settings -> More Settings" to "Off".


+-------------------------------------------------------------------------+
; altsyncram Parameter Settings by Entity Instance                        ;
+-------------------------------------------+-----------------------------+
; Name                                      ; Value                       ;
+-------------------------------------------+-----------------------------+
; Number of entity instances                ; 1                           ;
; Entity Instance                           ; altsyncram:instr_data_rtl_0 ;
;     -- OPERATION_MODE                     ; ROM                         ;
;     -- WIDTH_A                            ; 32                          ;
;     -- NUMWORDS_A                         ; 2048                        ;
;     -- OUTDATA_REG_A                      ; UNREGISTERED                ;
;     -- WIDTH_B                            ; 1                           ;
;     -- NUMWORDS_B                         ; 1                           ;
;     -- ADDRESS_REG_B                      ; CLOCK1                      ;
;     -- OUTDATA_REG_B                      ; UNREGISTERED                ;
;     -- RAM_BLOCK_TYPE                     ; AUTO                        ;
;     -- READ_DURING_WRITE_MODE_MIXED_PORTS ; DONT_CARE                   ;
+-------------------------------------------+-----------------------------+


+-------------------------------+
; Elapsed Time Per Partition    ;
+----------------+--------------+
; Partition Name ; Elapsed Time ;
+----------------+--------------+
; Top            ; 00:00:00     ;
+----------------+--------------+


+-------------------------------+
; Analysis & Synthesis Messages ;
+-------------------------------+
Info: *******************************************************************
Info: Running Quartus II 64-Bit Analysis & Synthesis
    Info: Version 13.0.1 Build 232 06/12/2013 Service Pack 1 SJ Web Edition
    Info: Processing started: Wed Nov 06 22:48:08 2024
Info: Command: quartus_map --read_settings_files=on --write_settings_files=off instr_mem -c instr_mem
Warning (20028): Parallel compilation is not licensed and has been disabled
Info (12021): Found 1 design units, including 1 entities, in source file instr_mem.sv
    Info (12023): Found entity 1: instr_mem
Info (12127): Elaborating entity "instr_mem" for the top level hierarchy
Warning (10850): Verilog HDL warning at instr_mem.sv(10): number of words (10) in memory file does not match the number of elements in the address range [0:2047]
Warning (10030): Net "instr_data.data_a" at instr_mem.sv(7) has no driver or initial value, using a default initial value '0'
Warning (10030): Net "instr_data.waddr_a" at instr_mem.sv(7) has no driver or initial value, using a default initial value '0'
Warning (10030): Net "instr_data.we_a" at instr_mem.sv(7) has no driver or initial value, using a default initial value '0'
Info (19000): Inferred 1 megafunctions from design logic
    Info (276029): Inferred altsyncram megafunction from the following design logic: "instr_data_rtl_0" 
        Info (286033): Parameter OPERATION_MODE set to ROM
        Info (286033): Parameter WIDTH_A set to 32
        Info (286033): Parameter WIDTHAD_A set to 11
        Info (286033): Parameter NUMWORDS_A set to 2048
        Info (286033): Parameter OUTDATA_REG_A set to UNREGISTERED
        Info (286033): Parameter ADDRESS_ACLR_A set to NONE
        Info (286033): Parameter OUTDATA_ACLR_A set to NONE
        Info (286033): Parameter INDATA_ACLR_A set to NONE
        Info (286033): Parameter WRCONTROL_ACLR_A set to NONE
        Info (286033): Parameter INIT_FILE set to db/instr_mem.ram0_instr_mem_8ff0214b.hdl.mif
Info (12130): Elaborated megafunction instantiation "altsyncram:instr_data_rtl_0"
Info (12133): Instantiated megafunction "altsyncram:instr_data_rtl_0" with the following parameter:
    Info (12134): Parameter "OPERATION_MODE" = "ROM"
    Info (12134): Parameter "WIDTH_A" = "32"
    Info (12134): Parameter "WIDTHAD_A" = "11"
    Info (12134): Parameter "NUMWORDS_A" = "2048"
    Info (12134): Parameter "OUTDATA_REG_A" = "UNREGISTERED"
    Info (12134): Parameter "ADDRESS_ACLR_A" = "NONE"
    Info (12134): Parameter "OUTDATA_ACLR_A" = "NONE"
    Info (12134): Parameter "INDATA_ACLR_A" = "NONE"
    Info (12134): Parameter "WRCONTROL_ACLR_A" = "NONE"
    Info (12134): Parameter "INIT_FILE" = "db/instr_mem.ram0_instr_mem_8ff0214b.hdl.mif"
Info (12021): Found 1 design units, including 1 entities, in source file db/altsyncram_5c71.tdf
    Info (12023): Found entity 1: altsyncram_5c71
Info (16010): Generating hard_block partition "hard_block:auto_generated_inst"
    Info (16011): Adding 0 node(s), including 0 DDIO, 0 PLL, 0 transceiver and 0 LCELL
Warning (21074): Design contains 21 input pin(s) that do not drive logic
    Warning (15610): No output dependent on input pin "i_pc[0]"
    Warning (15610): No output dependent on input pin "i_pc[1]"
    Warning (15610): No output dependent on input pin "i_pc[13]"
    Warning (15610): No output dependent on input pin "i_pc[14]"
    Warning (15610): No output dependent on input pin "i_pc[15]"
    Warning (15610): No output dependent on input pin "i_pc[16]"
    Warning (15610): No output dependent on input pin "i_pc[17]"
    Warning (15610): No output dependent on input pin "i_pc[18]"
    Warning (15610): No output dependent on input pin "i_pc[19]"
    Warning (15610): No output dependent on input pin "i_pc[20]"
    Warning (15610): No output dependent on input pin "i_pc[21]"
    Warning (15610): No output dependent on input pin "i_pc[22]"
    Warning (15610): No output dependent on input pin "i_pc[23]"
    Warning (15610): No output dependent on input pin "i_pc[24]"
    Warning (15610): No output dependent on input pin "i_pc[25]"
    Warning (15610): No output dependent on input pin "i_pc[26]"
    Warning (15610): No output dependent on input pin "i_pc[27]"
    Warning (15610): No output dependent on input pin "i_pc[28]"
    Warning (15610): No output dependent on input pin "i_pc[29]"
    Warning (15610): No output dependent on input pin "i_pc[30]"
    Warning (15610): No output dependent on input pin "i_pc[31]"
Info (21057): Implemented 97 device resources after synthesis - the final resource count might be different
    Info (21058): Implemented 33 input pins
    Info (21059): Implemented 32 output pins
    Info (21064): Implemented 32 RAM segments
Info: Quartus II 64-Bit Analysis & Synthesis was successful. 0 errors, 27 warnings
    Info: Peak virtual memory: 4599 megabytes
    Info: Processing ended: Wed Nov 06 22:48:10 2024
    Info: Elapsed time: 00:00:02
    Info: Total CPU time (on all processors): 00:00:01


