TimeQuest Timing Analyzer report for mux3to1
Thu Nov 07 22:13:18 2024
Quartus II 64-Bit Version 13.0.1 Build 232 06/12/2013 Service Pack 1 SJ Web Edition


---------------------
; Table of Contents ;
---------------------
  1. Legal Notice
  2. TimeQuest Timing Analyzer Summary
  3. Parallel Compilation
  4. Clocks
  5. Slow Model Fmax Summary
  6. Slow Model Setup Summary
  7. Slow Model Hold Summary
  8. Slow Model Recovery Summary
  9. Slow Model Removal Summary
 10. Slow Model Minimum Pulse Width Summary
 11. Propagation Delay
 12. Minimum Propagation Delay
 13. Fast Model Setup Summary
 14. Fast Model Hold Summary
 15. Fast Model Recovery Summary
 16. Fast Model Removal Summary
 17. Fast Model Minimum Pulse Width Summary
 18. Propagation Delay
 19. Minimum Propagation Delay
 20. Multicorner Timing Analysis Summary
 21. Progagation Delay
 22. Minimum Progagation Delay
 23. Clock Transfers
 24. Report TCCS
 25. Report RSKM
 26. Unconstrained Paths
 27. TimeQuest Timing Analyzer Messages



----------------
; Legal Notice ;
----------------
Copyright (C) 1991-2013 Altera Corporation
Your use of Altera Corporation's design tools, logic functions 
and other software and tools, and its AMPP partner logic 
functions, and any output files from any of the foregoing 
(including device programming or simulation files), and any 
associated documentation or information are expressly subject 
to the terms and conditions of the Altera Program License 
Subscription Agreement, Altera MegaCore Function License 
Agreement, or other applicable license agreement, including, 
without limitation, that your use is for the sole purpose of 
programming logic devices manufactured by Altera and sold by 
Altera or its authorized distributors.  Please refer to the 
applicable agreement for further details.



+----------------------------------------------------------------------------------------+
; TimeQuest Timing Analyzer Summary                                                      ;
+--------------------+-------------------------------------------------------------------+
; Quartus II Version ; Version 13.0.1 Build 232 06/12/2013 Service Pack 1 SJ Web Edition ;
; Revision Name      ; mux3to1                                                           ;
; Device Family      ; Cyclone II                                                        ;
; Device Name        ; EP2C8F256C6                                                       ;
; Timing Models      ; Final                                                             ;
; Delay Model        ; Combined                                                          ;
; Rise/Fall Delays   ; Unavailable                                                       ;
+--------------------+-------------------------------------------------------------------+


Parallel compilation was disabled, but you have multiple processors available. Enable parallel compilation to reduce compilation time.
+-------------------------------------+
; Parallel Compilation                ;
+----------------------------+--------+
; Processors                 ; Number ;
+----------------------------+--------+
; Number detected on machine ; 8      ;
; Maximum allowed            ; 1      ;
+----------------------------+--------+


----------
; Clocks ;
----------
No clocks to report.


---------------------------
; Slow Model Fmax Summary ;
---------------------------
No paths to report.


----------------------------
; Slow Model Setup Summary ;
----------------------------
No paths to report.


---------------------------
; Slow Model Hold Summary ;
---------------------------
No paths to report.


-------------------------------
; Slow Model Recovery Summary ;
-------------------------------
No paths to report.


------------------------------
; Slow Model Removal Summary ;
------------------------------
No paths to report.


------------------------------------------
; Slow Model Minimum Pulse Width Summary ;
------------------------------------------
No paths to report.


+-----------------------------------------------------------------+
; Propagation Delay                                               ;
+---------------+-------------+--------+--------+--------+--------+
; Input Port    ; Output Port ; RR     ; RF     ; FR     ; FF     ;
+---------------+-------------+--------+--------+--------+--------+
; i_data_01[0]  ; o_data[0]   ; 9.441  ;        ;        ; 9.441  ;
; i_data_01[1]  ; o_data[1]   ; 8.899  ;        ;        ; 8.899  ;
; i_data_01[2]  ; o_data[2]   ; 9.052  ;        ;        ; 9.052  ;
; i_data_01[3]  ; o_data[3]   ; 10.276 ;        ;        ; 10.276 ;
; i_data_01[4]  ; o_data[4]   ; 9.546  ;        ;        ; 9.546  ;
; i_data_01[5]  ; o_data[5]   ; 9.092  ;        ;        ; 9.092  ;
; i_data_01[6]  ; o_data[6]   ; 9.675  ;        ;        ; 9.675  ;
; i_data_01[7]  ; o_data[7]   ; 9.398  ;        ;        ; 9.398  ;
; i_data_01[8]  ; o_data[8]   ; 10.034 ;        ;        ; 10.034 ;
; i_data_01[9]  ; o_data[9]   ; 9.754  ;        ;        ; 9.754  ;
; i_data_01[10] ; o_data[10]  ; 8.974  ;        ;        ; 8.974  ;
; i_data_01[11] ; o_data[11]  ; 9.783  ;        ;        ; 9.783  ;
; i_data_01[12] ; o_data[12]  ; 9.369  ;        ;        ; 9.369  ;
; i_data_01[13] ; o_data[13]  ; 8.990  ;        ;        ; 8.990  ;
; i_data_01[14] ; o_data[14]  ; 9.386  ;        ;        ; 9.386  ;
; i_data_01[15] ; o_data[15]  ; 9.160  ;        ;        ; 9.160  ;
; i_data_01[16] ; o_data[16]  ; 9.282  ;        ;        ; 9.282  ;
; i_data_01[17] ; o_data[17]  ; 9.364  ;        ;        ; 9.364  ;
; i_data_01[18] ; o_data[18]  ; 9.113  ;        ;        ; 9.113  ;
; i_data_01[19] ; o_data[19]  ; 9.227  ;        ;        ; 9.227  ;
; i_data_01[20] ; o_data[20]  ; 5.099  ;        ;        ; 5.099  ;
; i_data_01[21] ; o_data[21]  ; 9.305  ;        ;        ; 9.305  ;
; i_data_01[22] ; o_data[22]  ; 9.332  ;        ;        ; 9.332  ;
; i_data_01[23] ; o_data[23]  ; 9.507  ;        ;        ; 9.507  ;
; i_data_01[24] ; o_data[24]  ; 10.150 ;        ;        ; 10.150 ;
; i_data_01[25] ; o_data[25]  ; 10.228 ;        ;        ; 10.228 ;
; i_data_01[26] ; o_data[26]  ; 9.795  ;        ;        ; 9.795  ;
; i_data_01[27] ; o_data[27]  ; 9.878  ;        ;        ; 9.878  ;
; i_data_01[28] ; o_data[28]  ; 9.219  ;        ;        ; 9.219  ;
; i_data_01[29] ; o_data[29]  ; 10.419 ;        ;        ; 10.419 ;
; i_data_01[30] ; o_data[30]  ; 10.137 ;        ;        ; 10.137 ;
; i_data_01[31] ; o_data[31]  ; 9.343  ;        ;        ; 9.343  ;
; i_data_10[0]  ; o_data[0]   ; 10.058 ;        ;        ; 10.058 ;
; i_data_10[1]  ; o_data[1]   ; 9.582  ;        ;        ; 9.582  ;
; i_data_10[2]  ; o_data[2]   ; 9.860  ;        ;        ; 9.860  ;
; i_data_10[3]  ; o_data[3]   ; 10.134 ;        ;        ; 10.134 ;
; i_data_10[4]  ; o_data[4]   ; 10.353 ;        ;        ; 10.353 ;
; i_data_10[5]  ; o_data[5]   ; 10.397 ;        ;        ; 10.397 ;
; i_data_10[6]  ; o_data[6]   ; 10.058 ;        ;        ; 10.058 ;
; i_data_10[7]  ; o_data[7]   ; 10.776 ;        ;        ; 10.776 ;
; i_data_10[8]  ; o_data[8]   ; 10.363 ;        ;        ; 10.363 ;
; i_data_10[9]  ; o_data[9]   ; 10.285 ;        ;        ; 10.285 ;
; i_data_10[10] ; o_data[10]  ; 10.218 ;        ;        ; 10.218 ;
; i_data_10[11] ; o_data[11]  ; 10.433 ;        ;        ; 10.433 ;
; i_data_10[12] ; o_data[12]  ; 10.147 ;        ;        ; 10.147 ;
; i_data_10[13] ; o_data[13]  ; 10.116 ;        ;        ; 10.116 ;
; i_data_10[14] ; o_data[14]  ; 10.245 ;        ;        ; 10.245 ;
; i_data_10[15] ; o_data[15]  ; 9.927  ;        ;        ; 9.927  ;
; i_data_10[16] ; o_data[16]  ; 9.401  ;        ;        ; 9.401  ;
; i_data_10[17] ; o_data[17]  ; 9.871  ;        ;        ; 9.871  ;
; i_data_10[18] ; o_data[18]  ; 10.039 ;        ;        ; 10.039 ;
; i_data_10[19] ; o_data[19]  ; 10.437 ;        ;        ; 10.437 ;
; i_data_10[20] ; o_data[20]  ; 5.756  ;        ;        ; 5.756  ;
; i_data_10[21] ; o_data[21]  ; 6.341  ;        ;        ; 6.341  ;
; i_data_10[22] ; o_data[22]  ; 10.230 ;        ;        ; 10.230 ;
; i_data_10[23] ; o_data[23]  ; 10.101 ;        ;        ; 10.101 ;
; i_data_10[24] ; o_data[24]  ; 10.707 ;        ;        ; 10.707 ;
; i_data_10[25] ; o_data[25]  ; 10.741 ;        ;        ; 10.741 ;
; i_data_10[26] ; o_data[26]  ; 10.604 ;        ;        ; 10.604 ;
; i_data_10[27] ; o_data[27]  ; 11.394 ;        ;        ; 11.394 ;
; i_data_10[28] ; o_data[28]  ; 9.987  ;        ;        ; 9.987  ;
; i_data_10[29] ; o_data[29]  ; 10.663 ;        ;        ; 10.663 ;
; i_data_10[30] ; o_data[30]  ; 10.603 ;        ;        ; 10.603 ;
; i_data_10[31] ; o_data[31]  ; 9.833  ;        ;        ; 9.833  ;
; i_data_11[0]  ; o_data[0]   ; 10.078 ;        ;        ; 10.078 ;
; i_data_11[1]  ; o_data[1]   ; 10.132 ;        ;        ; 10.132 ;
; i_data_11[2]  ; o_data[2]   ; 9.849  ;        ;        ; 9.849  ;
; i_data_11[3]  ; o_data[3]   ; 9.820  ;        ;        ; 9.820  ;
; i_data_11[4]  ; o_data[4]   ; 10.221 ;        ;        ; 10.221 ;
; i_data_11[5]  ; o_data[5]   ; 10.600 ;        ;        ; 10.600 ;
; i_data_11[6]  ; o_data[6]   ; 9.715  ;        ;        ; 9.715  ;
; i_data_11[7]  ; o_data[7]   ; 10.506 ;        ;        ; 10.506 ;
; i_data_11[8]  ; o_data[8]   ; 10.640 ;        ;        ; 10.640 ;
; i_data_11[9]  ; o_data[9]   ; 10.643 ;        ;        ; 10.643 ;
; i_data_11[10] ; o_data[10]  ; 10.149 ;        ;        ; 10.149 ;
; i_data_11[11] ; o_data[11]  ; 10.010 ;        ;        ; 10.010 ;
; i_data_11[12] ; o_data[12]  ; 10.083 ;        ;        ; 10.083 ;
; i_data_11[13] ; o_data[13]  ; 10.300 ;        ;        ; 10.300 ;
; i_data_11[14] ; o_data[14]  ; 9.716  ;        ;        ; 9.716  ;
; i_data_11[15] ; o_data[15]  ; 10.590 ;        ;        ; 10.590 ;
; i_data_11[16] ; o_data[16]  ; 9.286  ;        ;        ; 9.286  ;
; i_data_11[17] ; o_data[17]  ; 10.030 ;        ;        ; 10.030 ;
; i_data_11[18] ; o_data[18]  ; 9.731  ;        ;        ; 9.731  ;
; i_data_11[19] ; o_data[19]  ; 9.852  ;        ;        ; 9.852  ;
; i_data_11[20] ; o_data[20]  ; 10.363 ;        ;        ; 10.363 ;
; i_data_11[21] ; o_data[21]  ; 6.259  ;        ;        ; 6.259  ;
; i_data_11[22] ; o_data[22]  ; 9.791  ;        ;        ; 9.791  ;
; i_data_11[23] ; o_data[23]  ; 10.443 ;        ;        ; 10.443 ;
; i_data_11[24] ; o_data[24]  ; 10.815 ;        ;        ; 10.815 ;
; i_data_11[25] ; o_data[25]  ; 10.831 ;        ;        ; 10.831 ;
; i_data_11[26] ; o_data[26]  ; 10.179 ;        ;        ; 10.179 ;
; i_data_11[27] ; o_data[27]  ; 10.710 ;        ;        ; 10.710 ;
; i_data_11[28] ; o_data[28]  ; 10.118 ;        ;        ; 10.118 ;
; i_data_11[29] ; o_data[29]  ; 10.851 ;        ;        ; 10.851 ;
; i_data_11[30] ; o_data[30]  ; 10.296 ;        ;        ; 10.296 ;
; i_data_11[31] ; o_data[31]  ; 9.841  ;        ;        ; 9.841  ;
; i_sel[0]      ; o_data[0]   ; 10.839 ; 10.839 ; 10.839 ; 10.839 ;
; i_sel[0]      ; o_data[1]   ; 10.831 ; 10.831 ; 10.831 ; 10.831 ;
; i_sel[0]      ; o_data[2]   ; 11.086 ; 11.086 ; 11.086 ; 11.086 ;
; i_sel[0]      ; o_data[3]   ; 11.067 ; 11.067 ; 11.067 ; 11.067 ;
; i_sel[0]      ; o_data[4]   ; 11.146 ; 11.146 ; 11.146 ; 11.146 ;
; i_sel[0]      ; o_data[5]   ; 11.131 ; 11.131 ; 11.131 ; 11.131 ;
; i_sel[0]      ; o_data[6]   ; 10.946 ; 10.946 ; 10.946 ; 10.946 ;
; i_sel[0]      ; o_data[7]   ; 11.635 ; 11.635 ; 11.635 ; 11.635 ;
; i_sel[0]      ; o_data[8]   ; 11.896 ; 11.896 ; 11.896 ; 11.896 ;
; i_sel[0]      ; o_data[9]   ; 11.618 ; 11.618 ; 11.618 ; 11.618 ;
; i_sel[0]      ; o_data[10]  ; 11.573 ; 11.573 ; 11.573 ; 11.573 ;
; i_sel[0]      ; o_data[11]  ; 11.665 ; 11.665 ; 11.665 ; 11.665 ;
; i_sel[0]      ; o_data[12]  ; 11.417 ; 11.417 ; 11.417 ; 11.417 ;
; i_sel[0]      ; o_data[13]  ; 11.553 ; 11.553 ; 11.553 ; 11.553 ;
; i_sel[0]      ; o_data[14]  ; 11.356 ; 11.356 ; 11.356 ; 11.356 ;
; i_sel[0]      ; o_data[15]  ; 11.568 ; 11.568 ; 11.568 ; 11.568 ;
; i_sel[0]      ; o_data[16]  ; 10.639 ; 10.639 ; 10.639 ; 10.639 ;
; i_sel[0]      ; o_data[17]  ; 10.896 ; 10.896 ; 10.896 ; 10.896 ;
; i_sel[0]      ; o_data[18]  ; 10.883 ; 10.883 ; 10.883 ; 10.883 ;
; i_sel[0]      ; o_data[19]  ; 10.913 ; 10.913 ; 10.913 ; 10.913 ;
; i_sel[0]      ; o_data[20]  ; 10.833 ; 10.833 ; 10.833 ; 10.833 ;
; i_sel[0]      ; o_data[21]  ; 11.074 ; 11.074 ; 11.074 ; 11.074 ;
; i_sel[0]      ; o_data[22]  ; 10.875 ; 10.875 ; 10.875 ; 10.875 ;
; i_sel[0]      ; o_data[23]  ; 10.561 ; 10.561 ; 10.561 ; 10.561 ;
; i_sel[0]      ; o_data[24]  ; 10.795 ; 10.795 ; 10.795 ; 10.795 ;
; i_sel[0]      ; o_data[25]  ; 11.058 ; 11.058 ; 11.058 ; 11.058 ;
; i_sel[0]      ; o_data[26]  ; 10.524 ; 10.524 ; 10.524 ; 10.524 ;
; i_sel[0]      ; o_data[27]  ; 11.036 ; 11.036 ; 11.036 ; 11.036 ;
; i_sel[0]      ; o_data[28]  ; 10.554 ; 10.554 ; 10.554 ; 10.554 ;
; i_sel[0]      ; o_data[29]  ; 11.052 ; 11.052 ; 11.052 ; 11.052 ;
; i_sel[0]      ; o_data[30]  ; 10.582 ; 10.582 ; 10.582 ; 10.582 ;
; i_sel[0]      ; o_data[31]  ; 10.703 ; 10.703 ; 10.703 ; 10.703 ;
; i_sel[1]      ; o_data[0]   ; 10.711 ; 10.446 ; 10.446 ; 10.711 ;
; i_sel[1]      ; o_data[1]   ; 10.720 ; 10.026 ; 10.026 ; 10.720 ;
; i_sel[1]      ; o_data[2]   ; 11.000 ; 10.285 ; 10.285 ; 11.000 ;
; i_sel[1]      ; o_data[3]   ; 10.981 ; 10.585 ; 10.585 ; 10.981 ;
; i_sel[1]      ; o_data[4]   ; 11.034 ; 10.306 ; 10.306 ; 11.034 ;
; i_sel[1]      ; o_data[5]   ; 11.019 ; 10.298 ; 10.298 ; 11.019 ;
; i_sel[1]      ; o_data[6]   ; 10.856 ; 10.272 ; 10.272 ; 10.856 ;
; i_sel[1]      ; o_data[7]   ; 11.795 ; 10.717 ; 10.717 ; 11.795 ;
; i_sel[1]      ; o_data[8]   ; 11.529 ; 11.109 ; 11.109 ; 11.529 ;
; i_sel[1]      ; o_data[9]   ; 11.815 ; 10.812 ; 10.812 ; 11.815 ;
; i_sel[1]      ; o_data[10]  ; 11.213 ; 10.859 ; 10.859 ; 11.213 ;
; i_sel[1]      ; o_data[11]  ; 11.299 ; 11.109 ; 11.109 ; 11.299 ;
; i_sel[1]      ; o_data[12]  ; 11.626 ; 10.820 ; 10.820 ; 11.626 ;
; i_sel[1]      ; o_data[13]  ; 11.208 ; 10.845 ; 10.845 ; 11.208 ;
; i_sel[1]      ; o_data[14]  ; 11.011 ; 10.803 ; 10.803 ; 11.011 ;
; i_sel[1]      ; o_data[15]  ; 11.224 ; 10.518 ; 10.518 ; 11.224 ;
; i_sel[1]      ; o_data[16]  ; 10.261 ; 9.776  ; 9.776  ; 10.261 ;
; i_sel[1]      ; o_data[17]  ; 10.541 ; 9.664  ; 9.664  ; 10.541 ;
; i_sel[1]      ; o_data[18]  ; 10.506 ; 9.829  ; 9.829  ; 10.506 ;
; i_sel[1]      ; o_data[19]  ; 10.369 ; 10.138 ; 10.138 ; 10.369 ;
; i_sel[1]      ; o_data[20]  ; 10.283 ; 9.766  ; 9.766  ; 10.283 ;
; i_sel[1]      ; o_data[21]  ; 10.520 ; 9.831  ; 9.831  ; 10.520 ;
; i_sel[1]      ; o_data[22]  ; 10.502 ; 9.632  ; 9.632  ; 10.502 ;
; i_sel[1]      ; o_data[23]  ; 10.699 ; 9.995  ; 9.995  ; 10.699 ;
; i_sel[1]      ; o_data[24]  ; 10.918 ; 10.223 ; 10.223 ; 10.918 ;
; i_sel[1]      ; o_data[25]  ; 11.197 ; 10.467 ; 10.467 ; 11.197 ;
; i_sel[1]      ; o_data[26]  ; 10.657 ; 10.292 ; 10.292 ; 10.657 ;
; i_sel[1]      ; o_data[27]  ; 11.143 ; 10.775 ; 10.775 ; 11.143 ;
; i_sel[1]      ; o_data[28]  ; 10.692 ; 9.986  ; 9.986  ; 10.692 ;
; i_sel[1]      ; o_data[29]  ; 11.171 ; 10.675 ; 10.675 ; 11.171 ;
; i_sel[1]      ; o_data[30]  ; 10.695 ; 10.199 ; 10.199 ; 10.695 ;
; i_sel[1]      ; o_data[31]  ; 10.326 ; 9.814  ; 9.814  ; 10.326 ;
+---------------+-------------+--------+--------+--------+--------+


+-----------------------------------------------------------------+
; Minimum Propagation Delay                                       ;
+---------------+-------------+--------+--------+--------+--------+
; Input Port    ; Output Port ; RR     ; RF     ; FR     ; FF     ;
+---------------+-------------+--------+--------+--------+--------+
; i_data_01[0]  ; o_data[0]   ; 9.441  ;        ;        ; 9.441  ;
; i_data_01[1]  ; o_data[1]   ; 8.899  ;        ;        ; 8.899  ;
; i_data_01[2]  ; o_data[2]   ; 9.052  ;        ;        ; 9.052  ;
; i_data_01[3]  ; o_data[3]   ; 10.276 ;        ;        ; 10.276 ;
; i_data_01[4]  ; o_data[4]   ; 9.546  ;        ;        ; 9.546  ;
; i_data_01[5]  ; o_data[5]   ; 9.092  ;        ;        ; 9.092  ;
; i_data_01[6]  ; o_data[6]   ; 9.675  ;        ;        ; 9.675  ;
; i_data_01[7]  ; o_data[7]   ; 9.398  ;        ;        ; 9.398  ;
; i_data_01[8]  ; o_data[8]   ; 10.034 ;        ;        ; 10.034 ;
; i_data_01[9]  ; o_data[9]   ; 9.754  ;        ;        ; 9.754  ;
; i_data_01[10] ; o_data[10]  ; 8.974  ;        ;        ; 8.974  ;
; i_data_01[11] ; o_data[11]  ; 9.783  ;        ;        ; 9.783  ;
; i_data_01[12] ; o_data[12]  ; 9.369  ;        ;        ; 9.369  ;
; i_data_01[13] ; o_data[13]  ; 8.990  ;        ;        ; 8.990  ;
; i_data_01[14] ; o_data[14]  ; 9.386  ;        ;        ; 9.386  ;
; i_data_01[15] ; o_data[15]  ; 9.160  ;        ;        ; 9.160  ;
; i_data_01[16] ; o_data[16]  ; 9.282  ;        ;        ; 9.282  ;
; i_data_01[17] ; o_data[17]  ; 9.364  ;        ;        ; 9.364  ;
; i_data_01[18] ; o_data[18]  ; 9.113  ;        ;        ; 9.113  ;
; i_data_01[19] ; o_data[19]  ; 9.227  ;        ;        ; 9.227  ;
; i_data_01[20] ; o_data[20]  ; 5.099  ;        ;        ; 5.099  ;
; i_data_01[21] ; o_data[21]  ; 9.305  ;        ;        ; 9.305  ;
; i_data_01[22] ; o_data[22]  ; 9.332  ;        ;        ; 9.332  ;
; i_data_01[23] ; o_data[23]  ; 9.507  ;        ;        ; 9.507  ;
; i_data_01[24] ; o_data[24]  ; 10.150 ;        ;        ; 10.150 ;
; i_data_01[25] ; o_data[25]  ; 10.228 ;        ;        ; 10.228 ;
; i_data_01[26] ; o_data[26]  ; 9.795  ;        ;        ; 9.795  ;
; i_data_01[27] ; o_data[27]  ; 9.878  ;        ;        ; 9.878  ;
; i_data_01[28] ; o_data[28]  ; 9.219  ;        ;        ; 9.219  ;
; i_data_01[29] ; o_data[29]  ; 10.419 ;        ;        ; 10.419 ;
; i_data_01[30] ; o_data[30]  ; 10.137 ;        ;        ; 10.137 ;
; i_data_01[31] ; o_data[31]  ; 9.343  ;        ;        ; 9.343  ;
; i_data_10[0]  ; o_data[0]   ; 10.058 ;        ;        ; 10.058 ;
; i_data_10[1]  ; o_data[1]   ; 9.582  ;        ;        ; 9.582  ;
; i_data_10[2]  ; o_data[2]   ; 9.860  ;        ;        ; 9.860  ;
; i_data_10[3]  ; o_data[3]   ; 10.134 ;        ;        ; 10.134 ;
; i_data_10[4]  ; o_data[4]   ; 10.353 ;        ;        ; 10.353 ;
; i_data_10[5]  ; o_data[5]   ; 10.397 ;        ;        ; 10.397 ;
; i_data_10[6]  ; o_data[6]   ; 10.058 ;        ;        ; 10.058 ;
; i_data_10[7]  ; o_data[7]   ; 10.776 ;        ;        ; 10.776 ;
; i_data_10[8]  ; o_data[8]   ; 10.363 ;        ;        ; 10.363 ;
; i_data_10[9]  ; o_data[9]   ; 10.285 ;        ;        ; 10.285 ;
; i_data_10[10] ; o_data[10]  ; 10.218 ;        ;        ; 10.218 ;
; i_data_10[11] ; o_data[11]  ; 10.433 ;        ;        ; 10.433 ;
; i_data_10[12] ; o_data[12]  ; 10.147 ;        ;        ; 10.147 ;
; i_data_10[13] ; o_data[13]  ; 10.116 ;        ;        ; 10.116 ;
; i_data_10[14] ; o_data[14]  ; 10.245 ;        ;        ; 10.245 ;
; i_data_10[15] ; o_data[15]  ; 9.927  ;        ;        ; 9.927  ;
; i_data_10[16] ; o_data[16]  ; 9.401  ;        ;        ; 9.401  ;
; i_data_10[17] ; o_data[17]  ; 9.871  ;        ;        ; 9.871  ;
; i_data_10[18] ; o_data[18]  ; 10.039 ;        ;        ; 10.039 ;
; i_data_10[19] ; o_data[19]  ; 10.437 ;        ;        ; 10.437 ;
; i_data_10[20] ; o_data[20]  ; 5.756  ;        ;        ; 5.756  ;
; i_data_10[21] ; o_data[21]  ; 6.341  ;        ;        ; 6.341  ;
; i_data_10[22] ; o_data[22]  ; 10.230 ;        ;        ; 10.230 ;
; i_data_10[23] ; o_data[23]  ; 10.101 ;        ;        ; 10.101 ;
; i_data_10[24] ; o_data[24]  ; 10.707 ;        ;        ; 10.707 ;
; i_data_10[25] ; o_data[25]  ; 10.741 ;        ;        ; 10.741 ;
; i_data_10[26] ; o_data[26]  ; 10.604 ;        ;        ; 10.604 ;
; i_data_10[27] ; o_data[27]  ; 11.394 ;        ;        ; 11.394 ;
; i_data_10[28] ; o_data[28]  ; 9.987  ;        ;        ; 9.987  ;
; i_data_10[29] ; o_data[29]  ; 10.663 ;        ;        ; 10.663 ;
; i_data_10[30] ; o_data[30]  ; 10.603 ;        ;        ; 10.603 ;
; i_data_10[31] ; o_data[31]  ; 9.833  ;        ;        ; 9.833  ;
; i_data_11[0]  ; o_data[0]   ; 10.078 ;        ;        ; 10.078 ;
; i_data_11[1]  ; o_data[1]   ; 10.132 ;        ;        ; 10.132 ;
; i_data_11[2]  ; o_data[2]   ; 9.849  ;        ;        ; 9.849  ;
; i_data_11[3]  ; o_data[3]   ; 9.820  ;        ;        ; 9.820  ;
; i_data_11[4]  ; o_data[4]   ; 10.221 ;        ;        ; 10.221 ;
; i_data_11[5]  ; o_data[5]   ; 10.600 ;        ;        ; 10.600 ;
; i_data_11[6]  ; o_data[6]   ; 9.715  ;        ;        ; 9.715  ;
; i_data_11[7]  ; o_data[7]   ; 10.506 ;        ;        ; 10.506 ;
; i_data_11[8]  ; o_data[8]   ; 10.640 ;        ;        ; 10.640 ;
; i_data_11[9]  ; o_data[9]   ; 10.643 ;        ;        ; 10.643 ;
; i_data_11[10] ; o_data[10]  ; 10.149 ;        ;        ; 10.149 ;
; i_data_11[11] ; o_data[11]  ; 10.010 ;        ;        ; 10.010 ;
; i_data_11[12] ; o_data[12]  ; 10.083 ;        ;        ; 10.083 ;
; i_data_11[13] ; o_data[13]  ; 10.300 ;        ;        ; 10.300 ;
; i_data_11[14] ; o_data[14]  ; 9.716  ;        ;        ; 9.716  ;
; i_data_11[15] ; o_data[15]  ; 10.590 ;        ;        ; 10.590 ;
; i_data_11[16] ; o_data[16]  ; 9.286  ;        ;        ; 9.286  ;
; i_data_11[17] ; o_data[17]  ; 10.030 ;        ;        ; 10.030 ;
; i_data_11[18] ; o_data[18]  ; 9.731  ;        ;        ; 9.731  ;
; i_data_11[19] ; o_data[19]  ; 9.852  ;        ;        ; 9.852  ;
; i_data_11[20] ; o_data[20]  ; 10.363 ;        ;        ; 10.363 ;
; i_data_11[21] ; o_data[21]  ; 6.259  ;        ;        ; 6.259  ;
; i_data_11[22] ; o_data[22]  ; 9.791  ;        ;        ; 9.791  ;
; i_data_11[23] ; o_data[23]  ; 10.443 ;        ;        ; 10.443 ;
; i_data_11[24] ; o_data[24]  ; 10.815 ;        ;        ; 10.815 ;
; i_data_11[25] ; o_data[25]  ; 10.831 ;        ;        ; 10.831 ;
; i_data_11[26] ; o_data[26]  ; 10.179 ;        ;        ; 10.179 ;
; i_data_11[27] ; o_data[27]  ; 10.710 ;        ;        ; 10.710 ;
; i_data_11[28] ; o_data[28]  ; 10.118 ;        ;        ; 10.118 ;
; i_data_11[29] ; o_data[29]  ; 10.851 ;        ;        ; 10.851 ;
; i_data_11[30] ; o_data[30]  ; 10.296 ;        ;        ; 10.296 ;
; i_data_11[31] ; o_data[31]  ; 9.841  ;        ;        ; 9.841  ;
; i_sel[0]      ; o_data[0]   ; 10.298 ; 10.839 ; 10.839 ; 10.298 ;
; i_sel[0]      ; o_data[1]   ; 10.138 ; 10.831 ; 10.831 ; 10.138 ;
; i_sel[0]      ; o_data[2]   ; 10.402 ; 11.086 ; 11.086 ; 10.402 ;
; i_sel[0]      ; o_data[3]   ; 10.704 ; 11.067 ; 11.067 ; 10.704 ;
; i_sel[0]      ; o_data[4]   ; 10.435 ; 11.146 ; 11.146 ; 10.435 ;
; i_sel[0]      ; o_data[5]   ; 10.420 ; 11.131 ; 11.131 ; 10.420 ;
; i_sel[0]      ; o_data[6]   ; 10.389 ; 10.946 ; 10.946 ; 10.389 ;
; i_sel[0]      ; o_data[7]   ; 10.546 ; 11.635 ; 11.635 ; 10.546 ;
; i_sel[0]      ; o_data[8]   ; 10.925 ; 11.896 ; 11.896 ; 10.925 ;
; i_sel[0]      ; o_data[9]   ; 11.190 ; 11.618 ; 11.618 ; 11.190 ;
; i_sel[0]      ; o_data[10]  ; 10.650 ; 11.573 ; 11.573 ; 10.650 ;
; i_sel[0]      ; o_data[11]  ; 10.924 ; 11.665 ; 11.665 ; 10.924 ;
; i_sel[0]      ; o_data[12]  ; 11.191 ; 11.417 ; 11.417 ; 11.191 ;
; i_sel[0]      ; o_data[13]  ; 10.649 ; 11.553 ; 11.553 ; 10.649 ;
; i_sel[0]      ; o_data[14]  ; 10.613 ; 11.356 ; 11.356 ; 10.613 ;
; i_sel[0]      ; o_data[15]  ; 10.889 ; 11.568 ; 11.568 ; 10.889 ;
; i_sel[0]      ; o_data[16]  ; 10.151 ; 10.639 ; 10.639 ; 10.151 ;
; i_sel[0]      ; o_data[17]  ; 10.228 ; 10.896 ; 10.896 ; 10.228 ;
; i_sel[0]      ; o_data[18]  ; 10.083 ; 10.883 ; 10.883 ; 10.083 ;
; i_sel[0]      ; o_data[19]  ; 10.540 ; 10.913 ; 10.913 ; 10.540 ;
; i_sel[0]      ; o_data[20]  ; 10.031 ; 10.833 ; 10.833 ; 10.031 ;
; i_sel[0]      ; o_data[21]  ; 10.383 ; 11.074 ; 11.074 ; 10.383 ;
; i_sel[0]      ; o_data[22]  ; 10.184 ; 10.875 ; 10.875 ; 10.184 ;
; i_sel[0]      ; o_data[23]  ; 9.884  ; 10.561 ; 10.561 ; 9.884  ;
; i_sel[0]      ; o_data[24]  ; 10.123 ; 10.795 ; 10.795 ; 10.123 ;
; i_sel[0]      ; o_data[25]  ; 10.387 ; 11.058 ; 11.058 ; 10.387 ;
; i_sel[0]      ; o_data[26]  ; 9.619  ; 10.524 ; 10.524 ; 9.619  ;
; i_sel[0]      ; o_data[27]  ; 10.362 ; 11.036 ; 11.036 ; 10.362 ;
; i_sel[0]      ; o_data[28]  ; 9.875  ; 10.554 ; 10.554 ; 9.875  ;
; i_sel[0]      ; o_data[29]  ; 10.583 ; 11.052 ; 11.052 ; 10.583 ;
; i_sel[0]      ; o_data[30]  ; 10.113 ; 10.582 ; 10.582 ; 10.113 ;
; i_sel[0]      ; o_data[31]  ; 10.213 ; 10.703 ; 10.703 ; 10.213 ;
; i_sel[1]      ; o_data[0]   ; 10.711 ; 10.446 ; 10.446 ; 10.711 ;
; i_sel[1]      ; o_data[1]   ; 10.720 ; 10.026 ; 10.026 ; 10.720 ;
; i_sel[1]      ; o_data[2]   ; 11.000 ; 10.285 ; 10.285 ; 11.000 ;
; i_sel[1]      ; o_data[3]   ; 10.981 ; 10.585 ; 10.585 ; 10.981 ;
; i_sel[1]      ; o_data[4]   ; 11.034 ; 10.306 ; 10.306 ; 11.034 ;
; i_sel[1]      ; o_data[5]   ; 11.019 ; 10.298 ; 10.298 ; 11.019 ;
; i_sel[1]      ; o_data[6]   ; 10.856 ; 10.272 ; 10.272 ; 10.856 ;
; i_sel[1]      ; o_data[7]   ; 11.795 ; 10.717 ; 10.717 ; 11.795 ;
; i_sel[1]      ; o_data[8]   ; 11.529 ; 11.109 ; 11.109 ; 11.529 ;
; i_sel[1]      ; o_data[9]   ; 11.815 ; 10.812 ; 10.812 ; 11.815 ;
; i_sel[1]      ; o_data[10]  ; 11.213 ; 10.859 ; 10.859 ; 11.213 ;
; i_sel[1]      ; o_data[11]  ; 11.299 ; 11.109 ; 11.109 ; 11.299 ;
; i_sel[1]      ; o_data[12]  ; 11.626 ; 10.820 ; 10.820 ; 11.626 ;
; i_sel[1]      ; o_data[13]  ; 11.208 ; 10.845 ; 10.845 ; 11.208 ;
; i_sel[1]      ; o_data[14]  ; 11.011 ; 10.803 ; 10.803 ; 11.011 ;
; i_sel[1]      ; o_data[15]  ; 11.224 ; 10.518 ; 10.518 ; 11.224 ;
; i_sel[1]      ; o_data[16]  ; 10.261 ; 9.776  ; 9.776  ; 10.261 ;
; i_sel[1]      ; o_data[17]  ; 10.541 ; 9.664  ; 9.664  ; 10.541 ;
; i_sel[1]      ; o_data[18]  ; 10.506 ; 9.829  ; 9.829  ; 10.506 ;
; i_sel[1]      ; o_data[19]  ; 10.369 ; 10.138 ; 10.138 ; 10.369 ;
; i_sel[1]      ; o_data[20]  ; 10.283 ; 9.766  ; 9.766  ; 10.283 ;
; i_sel[1]      ; o_data[21]  ; 10.520 ; 9.831  ; 9.831  ; 10.520 ;
; i_sel[1]      ; o_data[22]  ; 10.502 ; 9.632  ; 9.632  ; 10.502 ;
; i_sel[1]      ; o_data[23]  ; 10.699 ; 9.995  ; 9.995  ; 10.699 ;
; i_sel[1]      ; o_data[24]  ; 10.918 ; 10.223 ; 10.223 ; 10.918 ;
; i_sel[1]      ; o_data[25]  ; 11.197 ; 10.467 ; 10.467 ; 11.197 ;
; i_sel[1]      ; o_data[26]  ; 10.657 ; 10.292 ; 10.292 ; 10.657 ;
; i_sel[1]      ; o_data[27]  ; 11.143 ; 10.775 ; 10.775 ; 11.143 ;
; i_sel[1]      ; o_data[28]  ; 10.692 ; 9.986  ; 9.986  ; 10.692 ;
; i_sel[1]      ; o_data[29]  ; 11.171 ; 10.675 ; 10.675 ; 11.171 ;
; i_sel[1]      ; o_data[30]  ; 10.695 ; 10.199 ; 10.199 ; 10.695 ;
; i_sel[1]      ; o_data[31]  ; 10.326 ; 9.814  ; 9.814  ; 10.326 ;
+---------------+-------------+--------+--------+--------+--------+


----------------------------
; Fast Model Setup Summary ;
----------------------------
No paths to report.


---------------------------
; Fast Model Hold Summary ;
---------------------------
No paths to report.


-------------------------------
; Fast Model Recovery Summary ;
-------------------------------
No paths to report.


------------------------------
; Fast Model Removal Summary ;
------------------------------
No paths to report.


------------------------------------------
; Fast Model Minimum Pulse Width Summary ;
------------------------------------------
No paths to report.


+-------------------------------------------------------------+
; Propagation Delay                                           ;
+---------------+-------------+-------+-------+-------+-------+
; Input Port    ; Output Port ; RR    ; RF    ; FR    ; FF    ;
+---------------+-------------+-------+-------+-------+-------+
; i_data_01[0]  ; o_data[0]   ; 5.235 ;       ;       ; 5.235 ;
; i_data_01[1]  ; o_data[1]   ; 4.984 ;       ;       ; 4.984 ;
; i_data_01[2]  ; o_data[2]   ; 5.064 ;       ;       ; 5.064 ;
; i_data_01[3]  ; o_data[3]   ; 5.670 ;       ;       ; 5.670 ;
; i_data_01[4]  ; o_data[4]   ; 5.281 ;       ;       ; 5.281 ;
; i_data_01[5]  ; o_data[5]   ; 5.092 ;       ;       ; 5.092 ;
; i_data_01[6]  ; o_data[6]   ; 5.309 ;       ;       ; 5.309 ;
; i_data_01[7]  ; o_data[7]   ; 5.278 ;       ;       ; 5.278 ;
; i_data_01[8]  ; o_data[8]   ; 5.551 ;       ;       ; 5.551 ;
; i_data_01[9]  ; o_data[9]   ; 5.428 ;       ;       ; 5.428 ;
; i_data_01[10] ; o_data[10]  ; 5.028 ;       ;       ; 5.028 ;
; i_data_01[11] ; o_data[11]  ; 5.470 ;       ;       ; 5.470 ;
; i_data_01[12] ; o_data[12]  ; 5.267 ;       ;       ; 5.267 ;
; i_data_01[13] ; o_data[13]  ; 5.031 ;       ;       ; 5.031 ;
; i_data_01[14] ; o_data[14]  ; 5.191 ;       ;       ; 5.191 ;
; i_data_01[15] ; o_data[15]  ; 5.096 ;       ;       ; 5.096 ;
; i_data_01[16] ; o_data[16]  ; 5.159 ;       ;       ; 5.159 ;
; i_data_01[17] ; o_data[17]  ; 5.213 ;       ;       ; 5.213 ;
; i_data_01[18] ; o_data[18]  ; 5.100 ;       ;       ; 5.100 ;
; i_data_01[19] ; o_data[19]  ; 5.196 ;       ;       ; 5.196 ;
; i_data_01[20] ; o_data[20]  ; 2.623 ;       ;       ; 2.623 ;
; i_data_01[21] ; o_data[21]  ; 5.245 ;       ;       ; 5.245 ;
; i_data_01[22] ; o_data[22]  ; 5.203 ;       ;       ; 5.203 ;
; i_data_01[23] ; o_data[23]  ; 5.279 ;       ;       ; 5.279 ;
; i_data_01[24] ; o_data[24]  ; 5.609 ;       ;       ; 5.609 ;
; i_data_01[25] ; o_data[25]  ; 5.623 ;       ;       ; 5.623 ;
; i_data_01[26] ; o_data[26]  ; 5.423 ;       ;       ; 5.423 ;
; i_data_01[27] ; o_data[27]  ; 5.487 ;       ;       ; 5.487 ;
; i_data_01[28] ; o_data[28]  ; 5.153 ;       ;       ; 5.153 ;
; i_data_01[29] ; o_data[29]  ; 5.726 ;       ;       ; 5.726 ;
; i_data_01[30] ; o_data[30]  ; 5.566 ;       ;       ; 5.566 ;
; i_data_01[31] ; o_data[31]  ; 5.202 ;       ;       ; 5.202 ;
; i_data_10[0]  ; o_data[0]   ; 5.507 ;       ;       ; 5.507 ;
; i_data_10[1]  ; o_data[1]   ; 5.285 ;       ;       ; 5.285 ;
; i_data_10[2]  ; o_data[2]   ; 5.405 ;       ;       ; 5.405 ;
; i_data_10[3]  ; o_data[3]   ; 5.602 ;       ;       ; 5.602 ;
; i_data_10[4]  ; o_data[4]   ; 5.625 ;       ;       ; 5.625 ;
; i_data_10[5]  ; o_data[5]   ; 5.637 ;       ;       ; 5.637 ;
; i_data_10[6]  ; o_data[6]   ; 5.478 ;       ;       ; 5.478 ;
; i_data_10[7]  ; o_data[7]   ; 5.852 ;       ;       ; 5.852 ;
; i_data_10[8]  ; o_data[8]   ; 5.710 ;       ;       ; 5.710 ;
; i_data_10[9]  ; o_data[9]   ; 5.639 ;       ;       ; 5.639 ;
; i_data_10[10] ; o_data[10]  ; 5.557 ;       ;       ; 5.557 ;
; i_data_10[11] ; o_data[11]  ; 5.708 ;       ;       ; 5.708 ;
; i_data_10[12] ; o_data[12]  ; 5.600 ;       ;       ; 5.600 ;
; i_data_10[13] ; o_data[13]  ; 5.516 ;       ;       ; 5.516 ;
; i_data_10[14] ; o_data[14]  ; 5.616 ;       ;       ; 5.616 ;
; i_data_10[15] ; o_data[15]  ; 5.430 ;       ;       ; 5.430 ;
; i_data_10[16] ; o_data[16]  ; 5.198 ;       ;       ; 5.198 ;
; i_data_10[17] ; o_data[17]  ; 5.389 ;       ;       ; 5.389 ;
; i_data_10[18] ; o_data[18]  ; 5.502 ;       ;       ; 5.502 ;
; i_data_10[19] ; o_data[19]  ; 5.731 ;       ;       ; 5.731 ;
; i_data_10[20] ; o_data[20]  ; 2.914 ;       ;       ; 2.914 ;
; i_data_10[21] ; o_data[21]  ; 3.213 ;       ;       ; 3.213 ;
; i_data_10[22] ; o_data[22]  ; 5.579 ;       ;       ; 5.579 ;
; i_data_10[23] ; o_data[23]  ; 5.540 ;       ;       ; 5.540 ;
; i_data_10[24] ; o_data[24]  ; 5.829 ;       ;       ; 5.829 ;
; i_data_10[25] ; o_data[25]  ; 5.854 ;       ;       ; 5.854 ;
; i_data_10[26] ; o_data[26]  ; 5.766 ;       ;       ; 5.766 ;
; i_data_10[27] ; o_data[27]  ; 6.161 ;       ;       ; 6.161 ;
; i_data_10[28] ; o_data[28]  ; 5.486 ;       ;       ; 5.486 ;
; i_data_10[29] ; o_data[29]  ; 5.792 ;       ;       ; 5.792 ;
; i_data_10[30] ; o_data[30]  ; 5.780 ;       ;       ; 5.780 ;
; i_data_10[31] ; o_data[31]  ; 5.411 ;       ;       ; 5.411 ;
; i_data_11[0]  ; o_data[0]   ; 5.512 ;       ;       ; 5.512 ;
; i_data_11[1]  ; o_data[1]   ; 5.511 ;       ;       ; 5.511 ;
; i_data_11[2]  ; o_data[2]   ; 5.413 ;       ;       ; 5.413 ;
; i_data_11[3]  ; o_data[3]   ; 5.466 ;       ;       ; 5.466 ;
; i_data_11[4]  ; o_data[4]   ; 5.559 ;       ;       ; 5.559 ;
; i_data_11[5]  ; o_data[5]   ; 5.710 ;       ;       ; 5.710 ;
; i_data_11[6]  ; o_data[6]   ; 5.357 ;       ;       ; 5.357 ;
; i_data_11[7]  ; o_data[7]   ; 5.754 ;       ;       ; 5.754 ;
; i_data_11[8]  ; o_data[8]   ; 5.813 ;       ;       ; 5.813 ;
; i_data_11[9]  ; o_data[9]   ; 5.799 ;       ;       ; 5.799 ;
; i_data_11[10] ; o_data[10]  ; 5.537 ;       ;       ; 5.537 ;
; i_data_11[11] ; o_data[11]  ; 5.527 ;       ;       ; 5.527 ;
; i_data_11[12] ; o_data[12]  ; 5.555 ;       ;       ; 5.555 ;
; i_data_11[13] ; o_data[13]  ; 5.651 ;       ;       ; 5.651 ;
; i_data_11[14] ; o_data[14]  ; 5.360 ;       ;       ; 5.360 ;
; i_data_11[15] ; o_data[15]  ; 5.721 ;       ;       ; 5.721 ;
; i_data_11[16] ; o_data[16]  ; 5.164 ;       ;       ; 5.164 ;
; i_data_11[17] ; o_data[17]  ; 5.474 ;       ;       ; 5.474 ;
; i_data_11[18] ; o_data[18]  ; 5.364 ;       ;       ; 5.364 ;
; i_data_11[19] ; o_data[19]  ; 5.474 ;       ;       ; 5.474 ;
; i_data_11[20] ; o_data[20]  ; 5.644 ;       ;       ; 5.644 ;
; i_data_11[21] ; o_data[21]  ; 3.185 ;       ;       ; 3.185 ;
; i_data_11[22] ; o_data[22]  ; 5.382 ;       ;       ; 5.382 ;
; i_data_11[23] ; o_data[23]  ; 5.716 ;       ;       ; 5.716 ;
; i_data_11[24] ; o_data[24]  ; 5.855 ;       ;       ; 5.855 ;
; i_data_11[25] ; o_data[25]  ; 5.887 ;       ;       ; 5.887 ;
; i_data_11[26] ; o_data[26]  ; 5.596 ;       ;       ; 5.596 ;
; i_data_11[27] ; o_data[27]  ; 5.846 ;       ;       ; 5.846 ;
; i_data_11[28] ; o_data[28]  ; 5.548 ;       ;       ; 5.548 ;
; i_data_11[29] ; o_data[29]  ; 5.894 ;       ;       ; 5.894 ;
; i_data_11[30] ; o_data[30]  ; 5.674 ;       ;       ; 5.674 ;
; i_data_11[31] ; o_data[31]  ; 5.419 ;       ;       ; 5.419 ;
; i_sel[0]      ; o_data[0]   ; 5.950 ; 5.950 ; 5.950 ; 5.950 ;
; i_sel[0]      ; o_data[1]   ; 5.930 ; 5.930 ; 5.930 ; 5.930 ;
; i_sel[0]      ; o_data[2]   ; 6.057 ; 6.057 ; 6.057 ; 6.057 ;
; i_sel[0]      ; o_data[3]   ; 6.119 ; 6.119 ; 6.119 ; 6.119 ;
; i_sel[0]      ; o_data[4]   ; 6.083 ; 6.083 ; 6.083 ; 6.083 ;
; i_sel[0]      ; o_data[5]   ; 6.070 ; 6.070 ; 6.070 ; 6.070 ;
; i_sel[0]      ; o_data[6]   ; 5.996 ; 5.996 ; 5.996 ; 5.996 ;
; i_sel[0]      ; o_data[7]   ; 6.331 ; 6.331 ; 6.331 ; 6.331 ;
; i_sel[0]      ; o_data[8]   ; 6.552 ; 6.552 ; 6.552 ; 6.552 ;
; i_sel[0]      ; o_data[9]   ; 6.407 ; 6.407 ; 6.407 ; 6.407 ;
; i_sel[0]      ; o_data[10]  ; 6.345 ; 6.345 ; 6.345 ; 6.345 ;
; i_sel[0]      ; o_data[11]  ; 6.445 ; 6.445 ; 6.445 ; 6.445 ;
; i_sel[0]      ; o_data[12]  ; 6.328 ; 6.328 ; 6.328 ; 6.328 ;
; i_sel[0]      ; o_data[13]  ; 6.316 ; 6.316 ; 6.316 ; 6.316 ;
; i_sel[0]      ; o_data[14]  ; 6.261 ; 6.261 ; 6.261 ; 6.261 ;
; i_sel[0]      ; o_data[15]  ; 6.328 ; 6.328 ; 6.328 ; 6.328 ;
; i_sel[0]      ; o_data[16]  ; 5.835 ; 5.835 ; 5.835 ; 5.835 ;
; i_sel[0]      ; o_data[17]  ; 5.938 ; 5.938 ; 5.938 ; 5.938 ;
; i_sel[0]      ; o_data[18]  ; 5.931 ; 5.931 ; 5.931 ; 5.931 ;
; i_sel[0]      ; o_data[19]  ; 6.014 ; 6.014 ; 6.014 ; 6.014 ;
; i_sel[0]      ; o_data[20]  ; 5.898 ; 5.898 ; 5.898 ; 5.898 ;
; i_sel[0]      ; o_data[21]  ; 6.080 ; 6.080 ; 6.080 ; 6.080 ;
; i_sel[0]      ; o_data[22]  ; 5.939 ; 5.939 ; 5.939 ; 5.939 ;
; i_sel[0]      ; o_data[23]  ; 5.825 ; 5.825 ; 5.825 ; 5.825 ;
; i_sel[0]      ; o_data[24]  ; 5.929 ; 5.929 ; 5.929 ; 5.929 ;
; i_sel[0]      ; o_data[25]  ; 6.062 ; 6.062 ; 6.062 ; 6.062 ;
; i_sel[0]      ; o_data[26]  ; 5.804 ; 5.804 ; 5.804 ; 5.804 ;
; i_sel[0]      ; o_data[27]  ; 6.055 ; 6.055 ; 6.055 ; 6.055 ;
; i_sel[0]      ; o_data[28]  ; 5.814 ; 5.814 ; 5.814 ; 5.814 ;
; i_sel[0]      ; o_data[29]  ; 6.056 ; 6.056 ; 6.056 ; 6.056 ;
; i_sel[0]      ; o_data[30]  ; 5.845 ; 5.845 ; 5.845 ; 5.845 ;
; i_sel[0]      ; o_data[31]  ; 5.854 ; 5.854 ; 5.854 ; 5.854 ;
; i_sel[1]      ; o_data[0]   ; 5.919 ; 5.814 ; 5.814 ; 5.919 ;
; i_sel[1]      ; o_data[1]   ; 5.915 ; 5.600 ; 5.600 ; 5.915 ;
; i_sel[1]      ; o_data[2]   ; 6.041 ; 5.708 ; 5.708 ; 6.041 ;
; i_sel[1]      ; o_data[3]   ; 6.103 ; 5.911 ; 5.911 ; 6.103 ;
; i_sel[1]      ; o_data[4]   ; 6.070 ; 5.723 ; 5.723 ; 6.070 ;
; i_sel[1]      ; o_data[5]   ; 6.057 ; 5.716 ; 5.716 ; 6.057 ;
; i_sel[1]      ; o_data[6]   ; 5.974 ; 5.707 ; 5.707 ; 5.974 ;
; i_sel[1]      ; o_data[7]   ; 6.423 ; 5.971 ; 5.971 ; 6.423 ;
; i_sel[1]      ; o_data[8]   ; 6.330 ; 6.146 ; 6.146 ; 6.330 ;
; i_sel[1]      ; o_data[9]   ; 6.452 ; 6.021 ; 6.021 ; 6.452 ;
; i_sel[1]      ; o_data[10]  ; 6.131 ; 5.986 ; 5.986 ; 6.131 ;
; i_sel[1]      ; o_data[11]  ; 6.223 ; 6.140 ; 6.140 ; 6.223 ;
; i_sel[1]      ; o_data[12]  ; 6.383 ; 6.030 ; 6.030 ; 6.383 ;
; i_sel[1]      ; o_data[13]  ; 6.118 ; 5.962 ; 5.962 ; 6.118 ;
; i_sel[1]      ; o_data[14]  ; 6.061 ; 5.959 ; 5.959 ; 6.061 ;
; i_sel[1]      ; o_data[15]  ; 6.130 ; 5.829 ; 5.829 ; 6.130 ;
; i_sel[1]      ; o_data[16]  ; 5.619 ; 5.411 ; 5.411 ; 5.619 ;
; i_sel[1]      ; o_data[17]  ; 5.745 ; 5.366 ; 5.366 ; 5.745 ;
; i_sel[1]      ; o_data[18]  ; 5.743 ; 5.445 ; 5.445 ; 5.743 ;
; i_sel[1]      ; o_data[19]  ; 5.748 ; 5.648 ; 5.648 ; 5.748 ;
; i_sel[1]      ; o_data[20]  ; 5.652 ; 5.401 ; 5.401 ; 5.652 ;
; i_sel[1]      ; o_data[21]  ; 5.804 ; 5.498 ; 5.498 ; 5.804 ;
; i_sel[1]      ; o_data[22]  ; 5.729 ; 5.359 ; 5.359 ; 5.729 ;
; i_sel[1]      ; o_data[23]  ; 5.913 ; 5.612 ; 5.612 ; 5.913 ;
; i_sel[1]      ; o_data[24]  ; 6.004 ; 5.710 ; 5.710 ; 6.004 ;
; i_sel[1]      ; o_data[25]  ; 6.153 ; 5.826 ; 5.826 ; 6.153 ;
; i_sel[1]      ; o_data[26]  ; 5.888 ; 5.730 ; 5.730 ; 5.888 ;
; i_sel[1]      ; o_data[27]  ; 6.111 ; 5.955 ; 5.955 ; 6.111 ;
; i_sel[1]      ; o_data[28]  ; 5.904 ; 5.603 ; 5.603 ; 5.904 ;
; i_sel[1]      ; o_data[29]  ; 6.127 ; 5.912 ; 5.912 ; 6.127 ;
; i_sel[1]      ; o_data[30]  ; 5.907 ; 5.692 ; 5.692 ; 5.907 ;
; i_sel[1]      ; o_data[31]  ; 5.666 ; 5.430 ; 5.430 ; 5.666 ;
+---------------+-------------+-------+-------+-------+-------+


+-------------------------------------------------------------+
; Minimum Propagation Delay                                   ;
+---------------+-------------+-------+-------+-------+-------+
; Input Port    ; Output Port ; RR    ; RF    ; FR    ; FF    ;
+---------------+-------------+-------+-------+-------+-------+
; i_data_01[0]  ; o_data[0]   ; 5.235 ;       ;       ; 5.235 ;
; i_data_01[1]  ; o_data[1]   ; 4.984 ;       ;       ; 4.984 ;
; i_data_01[2]  ; o_data[2]   ; 5.064 ;       ;       ; 5.064 ;
; i_data_01[3]  ; o_data[3]   ; 5.670 ;       ;       ; 5.670 ;
; i_data_01[4]  ; o_data[4]   ; 5.281 ;       ;       ; 5.281 ;
; i_data_01[5]  ; o_data[5]   ; 5.092 ;       ;       ; 5.092 ;
; i_data_01[6]  ; o_data[6]   ; 5.309 ;       ;       ; 5.309 ;
; i_data_01[7]  ; o_data[7]   ; 5.278 ;       ;       ; 5.278 ;
; i_data_01[8]  ; o_data[8]   ; 5.551 ;       ;       ; 5.551 ;
; i_data_01[9]  ; o_data[9]   ; 5.428 ;       ;       ; 5.428 ;
; i_data_01[10] ; o_data[10]  ; 5.028 ;       ;       ; 5.028 ;
; i_data_01[11] ; o_data[11]  ; 5.470 ;       ;       ; 5.470 ;
; i_data_01[12] ; o_data[12]  ; 5.267 ;       ;       ; 5.267 ;
; i_data_01[13] ; o_data[13]  ; 5.031 ;       ;       ; 5.031 ;
; i_data_01[14] ; o_data[14]  ; 5.191 ;       ;       ; 5.191 ;
; i_data_01[15] ; o_data[15]  ; 5.096 ;       ;       ; 5.096 ;
; i_data_01[16] ; o_data[16]  ; 5.159 ;       ;       ; 5.159 ;
; i_data_01[17] ; o_data[17]  ; 5.213 ;       ;       ; 5.213 ;
; i_data_01[18] ; o_data[18]  ; 5.100 ;       ;       ; 5.100 ;
; i_data_01[19] ; o_data[19]  ; 5.196 ;       ;       ; 5.196 ;
; i_data_01[20] ; o_data[20]  ; 2.623 ;       ;       ; 2.623 ;
; i_data_01[21] ; o_data[21]  ; 5.245 ;       ;       ; 5.245 ;
; i_data_01[22] ; o_data[22]  ; 5.203 ;       ;       ; 5.203 ;
; i_data_01[23] ; o_data[23]  ; 5.279 ;       ;       ; 5.279 ;
; i_data_01[24] ; o_data[24]  ; 5.609 ;       ;       ; 5.609 ;
; i_data_01[25] ; o_data[25]  ; 5.623 ;       ;       ; 5.623 ;
; i_data_01[26] ; o_data[26]  ; 5.423 ;       ;       ; 5.423 ;
; i_data_01[27] ; o_data[27]  ; 5.487 ;       ;       ; 5.487 ;
; i_data_01[28] ; o_data[28]  ; 5.153 ;       ;       ; 5.153 ;
; i_data_01[29] ; o_data[29]  ; 5.726 ;       ;       ; 5.726 ;
; i_data_01[30] ; o_data[30]  ; 5.566 ;       ;       ; 5.566 ;
; i_data_01[31] ; o_data[31]  ; 5.202 ;       ;       ; 5.202 ;
; i_data_10[0]  ; o_data[0]   ; 5.507 ;       ;       ; 5.507 ;
; i_data_10[1]  ; o_data[1]   ; 5.285 ;       ;       ; 5.285 ;
; i_data_10[2]  ; o_data[2]   ; 5.405 ;       ;       ; 5.405 ;
; i_data_10[3]  ; o_data[3]   ; 5.602 ;       ;       ; 5.602 ;
; i_data_10[4]  ; o_data[4]   ; 5.625 ;       ;       ; 5.625 ;
; i_data_10[5]  ; o_data[5]   ; 5.637 ;       ;       ; 5.637 ;
; i_data_10[6]  ; o_data[6]   ; 5.478 ;       ;       ; 5.478 ;
; i_data_10[7]  ; o_data[7]   ; 5.852 ;       ;       ; 5.852 ;
; i_data_10[8]  ; o_data[8]   ; 5.710 ;       ;       ; 5.710 ;
; i_data_10[9]  ; o_data[9]   ; 5.639 ;       ;       ; 5.639 ;
; i_data_10[10] ; o_data[10]  ; 5.557 ;       ;       ; 5.557 ;
; i_data_10[11] ; o_data[11]  ; 5.708 ;       ;       ; 5.708 ;
; i_data_10[12] ; o_data[12]  ; 5.600 ;       ;       ; 5.600 ;
; i_data_10[13] ; o_data[13]  ; 5.516 ;       ;       ; 5.516 ;
; i_data_10[14] ; o_data[14]  ; 5.616 ;       ;       ; 5.616 ;
; i_data_10[15] ; o_data[15]  ; 5.430 ;       ;       ; 5.430 ;
; i_data_10[16] ; o_data[16]  ; 5.198 ;       ;       ; 5.198 ;
; i_data_10[17] ; o_data[17]  ; 5.389 ;       ;       ; 5.389 ;
; i_data_10[18] ; o_data[18]  ; 5.502 ;       ;       ; 5.502 ;
; i_data_10[19] ; o_data[19]  ; 5.731 ;       ;       ; 5.731 ;
; i_data_10[20] ; o_data[20]  ; 2.914 ;       ;       ; 2.914 ;
; i_data_10[21] ; o_data[21]  ; 3.213 ;       ;       ; 3.213 ;
; i_data_10[22] ; o_data[22]  ; 5.579 ;       ;       ; 5.579 ;
; i_data_10[23] ; o_data[23]  ; 5.540 ;       ;       ; 5.540 ;
; i_data_10[24] ; o_data[24]  ; 5.829 ;       ;       ; 5.829 ;
; i_data_10[25] ; o_data[25]  ; 5.854 ;       ;       ; 5.854 ;
; i_data_10[26] ; o_data[26]  ; 5.766 ;       ;       ; 5.766 ;
; i_data_10[27] ; o_data[27]  ; 6.161 ;       ;       ; 6.161 ;
; i_data_10[28] ; o_data[28]  ; 5.486 ;       ;       ; 5.486 ;
; i_data_10[29] ; o_data[29]  ; 5.792 ;       ;       ; 5.792 ;
; i_data_10[30] ; o_data[30]  ; 5.780 ;       ;       ; 5.780 ;
; i_data_10[31] ; o_data[31]  ; 5.411 ;       ;       ; 5.411 ;
; i_data_11[0]  ; o_data[0]   ; 5.512 ;       ;       ; 5.512 ;
; i_data_11[1]  ; o_data[1]   ; 5.511 ;       ;       ; 5.511 ;
; i_data_11[2]  ; o_data[2]   ; 5.413 ;       ;       ; 5.413 ;
; i_data_11[3]  ; o_data[3]   ; 5.466 ;       ;       ; 5.466 ;
; i_data_11[4]  ; o_data[4]   ; 5.559 ;       ;       ; 5.559 ;
; i_data_11[5]  ; o_data[5]   ; 5.710 ;       ;       ; 5.710 ;
; i_data_11[6]  ; o_data[6]   ; 5.357 ;       ;       ; 5.357 ;
; i_data_11[7]  ; o_data[7]   ; 5.754 ;       ;       ; 5.754 ;
; i_data_11[8]  ; o_data[8]   ; 5.813 ;       ;       ; 5.813 ;
; i_data_11[9]  ; o_data[9]   ; 5.799 ;       ;       ; 5.799 ;
; i_data_11[10] ; o_data[10]  ; 5.537 ;       ;       ; 5.537 ;
; i_data_11[11] ; o_data[11]  ; 5.527 ;       ;       ; 5.527 ;
; i_data_11[12] ; o_data[12]  ; 5.555 ;       ;       ; 5.555 ;
; i_data_11[13] ; o_data[13]  ; 5.651 ;       ;       ; 5.651 ;
; i_data_11[14] ; o_data[14]  ; 5.360 ;       ;       ; 5.360 ;
; i_data_11[15] ; o_data[15]  ; 5.721 ;       ;       ; 5.721 ;
; i_data_11[16] ; o_data[16]  ; 5.164 ;       ;       ; 5.164 ;
; i_data_11[17] ; o_data[17]  ; 5.474 ;       ;       ; 5.474 ;
; i_data_11[18] ; o_data[18]  ; 5.364 ;       ;       ; 5.364 ;
; i_data_11[19] ; o_data[19]  ; 5.474 ;       ;       ; 5.474 ;
; i_data_11[20] ; o_data[20]  ; 5.644 ;       ;       ; 5.644 ;
; i_data_11[21] ; o_data[21]  ; 3.185 ;       ;       ; 3.185 ;
; i_data_11[22] ; o_data[22]  ; 5.382 ;       ;       ; 5.382 ;
; i_data_11[23] ; o_data[23]  ; 5.716 ;       ;       ; 5.716 ;
; i_data_11[24] ; o_data[24]  ; 5.855 ;       ;       ; 5.855 ;
; i_data_11[25] ; o_data[25]  ; 5.887 ;       ;       ; 5.887 ;
; i_data_11[26] ; o_data[26]  ; 5.596 ;       ;       ; 5.596 ;
; i_data_11[27] ; o_data[27]  ; 5.846 ;       ;       ; 5.846 ;
; i_data_11[28] ; o_data[28]  ; 5.548 ;       ;       ; 5.548 ;
; i_data_11[29] ; o_data[29]  ; 5.894 ;       ;       ; 5.894 ;
; i_data_11[30] ; o_data[30]  ; 5.674 ;       ;       ; 5.674 ;
; i_data_11[31] ; o_data[31]  ; 5.419 ;       ;       ; 5.419 ;
; i_sel[0]      ; o_data[0]   ; 5.716 ; 5.950 ; 5.950 ; 5.716 ;
; i_sel[0]      ; o_data[1]   ; 5.644 ; 5.930 ; 5.930 ; 5.644 ;
; i_sel[0]      ; o_data[2]   ; 5.756 ; 6.057 ; 6.057 ; 5.756 ;
; i_sel[0]      ; o_data[3]   ; 5.952 ; 6.119 ; 6.119 ; 5.952 ;
; i_sel[0]      ; o_data[4]   ; 5.783 ; 6.083 ; 6.083 ; 5.783 ;
; i_sel[0]      ; o_data[5]   ; 5.770 ; 6.070 ; 6.070 ; 5.770 ;
; i_sel[0]      ; o_data[6]   ; 5.746 ; 5.996 ; 5.996 ; 5.746 ;
; i_sel[0]      ; o_data[7]   ; 5.873 ; 6.331 ; 6.331 ; 5.873 ;
; i_sel[0]      ; o_data[8]   ; 6.118 ; 6.552 ; 6.552 ; 6.118 ;
; i_sel[0]      ; o_data[9]   ; 6.228 ; 6.407 ; 6.407 ; 6.228 ;
; i_sel[0]      ; o_data[10]  ; 5.937 ; 6.345 ; 6.345 ; 5.937 ;
; i_sel[0]      ; o_data[11]  ; 6.113 ; 6.445 ; 6.445 ; 6.113 ;
; i_sel[0]      ; o_data[12]  ; 6.228 ; 6.328 ; 6.328 ; 6.228 ;
; i_sel[0]      ; o_data[13]  ; 5.924 ; 6.316 ; 6.316 ; 5.924 ;
; i_sel[0]      ; o_data[14]  ; 5.926 ; 6.261 ; 6.261 ; 5.926 ;
; i_sel[0]      ; o_data[15]  ; 6.029 ; 6.328 ; 6.328 ; 6.029 ;
; i_sel[0]      ; o_data[16]  ; 5.603 ; 5.835 ; 5.835 ; 5.603 ;
; i_sel[0]      ; o_data[17]  ; 5.650 ; 5.938 ; 5.938 ; 5.650 ;
; i_sel[0]      ; o_data[18]  ; 5.585 ; 5.931 ; 5.931 ; 5.585 ;
; i_sel[0]      ; o_data[19]  ; 5.845 ; 6.014 ; 6.014 ; 5.845 ;
; i_sel[0]      ; o_data[20]  ; 5.553 ; 5.898 ; 5.898 ; 5.553 ;
; i_sel[0]      ; o_data[21]  ; 5.773 ; 6.080 ; 6.080 ; 5.773 ;
; i_sel[0]      ; o_data[22]  ; 5.634 ; 5.939 ; 5.939 ; 5.634 ;
; i_sel[0]      ; o_data[23]  ; 5.525 ; 5.825 ; 5.825 ; 5.525 ;
; i_sel[0]      ; o_data[24]  ; 5.633 ; 5.929 ; 5.929 ; 5.633 ;
; i_sel[0]      ; o_data[25]  ; 5.770 ; 6.062 ; 6.062 ; 5.770 ;
; i_sel[0]      ; o_data[26]  ; 5.409 ; 5.804 ; 5.804 ; 5.409 ;
; i_sel[0]      ; o_data[27]  ; 5.740 ; 6.055 ; 6.055 ; 5.740 ;
; i_sel[0]      ; o_data[28]  ; 5.515 ; 5.814 ; 5.814 ; 5.515 ;
; i_sel[0]      ; o_data[29]  ; 5.841 ; 6.056 ; 6.056 ; 5.841 ;
; i_sel[0]      ; o_data[30]  ; 5.627 ; 5.845 ; 5.845 ; 5.627 ;
; i_sel[0]      ; o_data[31]  ; 5.644 ; 5.854 ; 5.854 ; 5.644 ;
; i_sel[1]      ; o_data[0]   ; 5.919 ; 5.814 ; 5.814 ; 5.919 ;
; i_sel[1]      ; o_data[1]   ; 5.915 ; 5.600 ; 5.600 ; 5.915 ;
; i_sel[1]      ; o_data[2]   ; 6.041 ; 5.708 ; 5.708 ; 6.041 ;
; i_sel[1]      ; o_data[3]   ; 6.103 ; 5.911 ; 5.911 ; 6.103 ;
; i_sel[1]      ; o_data[4]   ; 6.070 ; 5.723 ; 5.723 ; 6.070 ;
; i_sel[1]      ; o_data[5]   ; 6.057 ; 5.716 ; 5.716 ; 6.057 ;
; i_sel[1]      ; o_data[6]   ; 5.974 ; 5.707 ; 5.707 ; 5.974 ;
; i_sel[1]      ; o_data[7]   ; 6.423 ; 5.971 ; 5.971 ; 6.423 ;
; i_sel[1]      ; o_data[8]   ; 6.330 ; 6.146 ; 6.146 ; 6.330 ;
; i_sel[1]      ; o_data[9]   ; 6.452 ; 6.021 ; 6.021 ; 6.452 ;
; i_sel[1]      ; o_data[10]  ; 6.131 ; 5.986 ; 5.986 ; 6.131 ;
; i_sel[1]      ; o_data[11]  ; 6.223 ; 6.140 ; 6.140 ; 6.223 ;
; i_sel[1]      ; o_data[12]  ; 6.383 ; 6.030 ; 6.030 ; 6.383 ;
; i_sel[1]      ; o_data[13]  ; 6.118 ; 5.962 ; 5.962 ; 6.118 ;
; i_sel[1]      ; o_data[14]  ; 6.061 ; 5.959 ; 5.959 ; 6.061 ;
; i_sel[1]      ; o_data[15]  ; 6.130 ; 5.829 ; 5.829 ; 6.130 ;
; i_sel[1]      ; o_data[16]  ; 5.619 ; 5.411 ; 5.411 ; 5.619 ;
; i_sel[1]      ; o_data[17]  ; 5.745 ; 5.366 ; 5.366 ; 5.745 ;
; i_sel[1]      ; o_data[18]  ; 5.743 ; 5.445 ; 5.445 ; 5.743 ;
; i_sel[1]      ; o_data[19]  ; 5.748 ; 5.648 ; 5.648 ; 5.748 ;
; i_sel[1]      ; o_data[20]  ; 5.652 ; 5.401 ; 5.401 ; 5.652 ;
; i_sel[1]      ; o_data[21]  ; 5.804 ; 5.498 ; 5.498 ; 5.804 ;
; i_sel[1]      ; o_data[22]  ; 5.729 ; 5.359 ; 5.359 ; 5.729 ;
; i_sel[1]      ; o_data[23]  ; 5.913 ; 5.612 ; 5.612 ; 5.913 ;
; i_sel[1]      ; o_data[24]  ; 6.004 ; 5.710 ; 5.710 ; 6.004 ;
; i_sel[1]      ; o_data[25]  ; 6.153 ; 5.826 ; 5.826 ; 6.153 ;
; i_sel[1]      ; o_data[26]  ; 5.888 ; 5.730 ; 5.730 ; 5.888 ;
; i_sel[1]      ; o_data[27]  ; 6.111 ; 5.955 ; 5.955 ; 6.111 ;
; i_sel[1]      ; o_data[28]  ; 5.904 ; 5.603 ; 5.603 ; 5.904 ;
; i_sel[1]      ; o_data[29]  ; 6.127 ; 5.912 ; 5.912 ; 6.127 ;
; i_sel[1]      ; o_data[30]  ; 5.907 ; 5.692 ; 5.692 ; 5.907 ;
; i_sel[1]      ; o_data[31]  ; 5.666 ; 5.430 ; 5.430 ; 5.666 ;
+---------------+-------------+-------+-------+-------+-------+


+----------------------------------------------------------------------------+
; Multicorner Timing Analysis Summary                                        ;
+------------------+-------+------+----------+---------+---------------------+
; Clock            ; Setup ; Hold ; Recovery ; Removal ; Minimum Pulse Width ;
+------------------+-------+------+----------+---------+---------------------+
; Worst-case Slack ; N/A   ; N/A  ; N/A      ; N/A     ; N/A                 ;
; Design-wide TNS  ; 0.0   ; 0.0  ; 0.0      ; 0.0     ; 0.0                 ;
+------------------+-------+------+----------+---------+---------------------+


+-----------------------------------------------------------------+
; Progagation Delay                                               ;
+---------------+-------------+--------+--------+--------+--------+
; Input Port    ; Output Port ; RR     ; RF     ; FR     ; FF     ;
+---------------+-------------+--------+--------+--------+--------+
; i_data_01[0]  ; o_data[0]   ; 9.441  ;        ;        ; 9.441  ;
; i_data_01[1]  ; o_data[1]   ; 8.899  ;        ;        ; 8.899  ;
; i_data_01[2]  ; o_data[2]   ; 9.052  ;        ;        ; 9.052  ;
; i_data_01[3]  ; o_data[3]   ; 10.276 ;        ;        ; 10.276 ;
; i_data_01[4]  ; o_data[4]   ; 9.546  ;        ;        ; 9.546  ;
; i_data_01[5]  ; o_data[5]   ; 9.092  ;        ;        ; 9.092  ;
; i_data_01[6]  ; o_data[6]   ; 9.675  ;        ;        ; 9.675  ;
; i_data_01[7]  ; o_data[7]   ; 9.398  ;        ;        ; 9.398  ;
; i_data_01[8]  ; o_data[8]   ; 10.034 ;        ;        ; 10.034 ;
; i_data_01[9]  ; o_data[9]   ; 9.754  ;        ;        ; 9.754  ;
; i_data_01[10] ; o_data[10]  ; 8.974  ;        ;        ; 8.974  ;
; i_data_01[11] ; o_data[11]  ; 9.783  ;        ;        ; 9.783  ;
; i_data_01[12] ; o_data[12]  ; 9.369  ;        ;        ; 9.369  ;
; i_data_01[13] ; o_data[13]  ; 8.990  ;        ;        ; 8.990  ;
; i_data_01[14] ; o_data[14]  ; 9.386  ;        ;        ; 9.386  ;
; i_data_01[15] ; o_data[15]  ; 9.160  ;        ;        ; 9.160  ;
; i_data_01[16] ; o_data[16]  ; 9.282  ;        ;        ; 9.282  ;
; i_data_01[17] ; o_data[17]  ; 9.364  ;        ;        ; 9.364  ;
; i_data_01[18] ; o_data[18]  ; 9.113  ;        ;        ; 9.113  ;
; i_data_01[19] ; o_data[19]  ; 9.227  ;        ;        ; 9.227  ;
; i_data_01[20] ; o_data[20]  ; 5.099  ;        ;        ; 5.099  ;
; i_data_01[21] ; o_data[21]  ; 9.305  ;        ;        ; 9.305  ;
; i_data_01[22] ; o_data[22]  ; 9.332  ;        ;        ; 9.332  ;
; i_data_01[23] ; o_data[23]  ; 9.507  ;        ;        ; 9.507  ;
; i_data_01[24] ; o_data[24]  ; 10.150 ;        ;        ; 10.150 ;
; i_data_01[25] ; o_data[25]  ; 10.228 ;        ;        ; 10.228 ;
; i_data_01[26] ; o_data[26]  ; 9.795  ;        ;        ; 9.795  ;
; i_data_01[27] ; o_data[27]  ; 9.878  ;        ;        ; 9.878  ;
; i_data_01[28] ; o_data[28]  ; 9.219  ;        ;        ; 9.219  ;
; i_data_01[29] ; o_data[29]  ; 10.419 ;        ;        ; 10.419 ;
; i_data_01[30] ; o_data[30]  ; 10.137 ;        ;        ; 10.137 ;
; i_data_01[31] ; o_data[31]  ; 9.343  ;        ;        ; 9.343  ;
; i_data_10[0]  ; o_data[0]   ; 10.058 ;        ;        ; 10.058 ;
; i_data_10[1]  ; o_data[1]   ; 9.582  ;        ;        ; 9.582  ;
; i_data_10[2]  ; o_data[2]   ; 9.860  ;        ;        ; 9.860  ;
; i_data_10[3]  ; o_data[3]   ; 10.134 ;        ;        ; 10.134 ;
; i_data_10[4]  ; o_data[4]   ; 10.353 ;        ;        ; 10.353 ;
; i_data_10[5]  ; o_data[5]   ; 10.397 ;        ;        ; 10.397 ;
; i_data_10[6]  ; o_data[6]   ; 10.058 ;        ;        ; 10.058 ;
; i_data_10[7]  ; o_data[7]   ; 10.776 ;        ;        ; 10.776 ;
; i_data_10[8]  ; o_data[8]   ; 10.363 ;        ;        ; 10.363 ;
; i_data_10[9]  ; o_data[9]   ; 10.285 ;        ;        ; 10.285 ;
; i_data_10[10] ; o_data[10]  ; 10.218 ;        ;        ; 10.218 ;
; i_data_10[11] ; o_data[11]  ; 10.433 ;        ;        ; 10.433 ;
; i_data_10[12] ; o_data[12]  ; 10.147 ;        ;        ; 10.147 ;
; i_data_10[13] ; o_data[13]  ; 10.116 ;        ;        ; 10.116 ;
; i_data_10[14] ; o_data[14]  ; 10.245 ;        ;        ; 10.245 ;
; i_data_10[15] ; o_data[15]  ; 9.927  ;        ;        ; 9.927  ;
; i_data_10[16] ; o_data[16]  ; 9.401  ;        ;        ; 9.401  ;
; i_data_10[17] ; o_data[17]  ; 9.871  ;        ;        ; 9.871  ;
; i_data_10[18] ; o_data[18]  ; 10.039 ;        ;        ; 10.039 ;
; i_data_10[19] ; o_data[19]  ; 10.437 ;        ;        ; 10.437 ;
; i_data_10[20] ; o_data[20]  ; 5.756  ;        ;        ; 5.756  ;
; i_data_10[21] ; o_data[21]  ; 6.341  ;        ;        ; 6.341  ;
; i_data_10[22] ; o_data[22]  ; 10.230 ;        ;        ; 10.230 ;
; i_data_10[23] ; o_data[23]  ; 10.101 ;        ;        ; 10.101 ;
; i_data_10[24] ; o_data[24]  ; 10.707 ;        ;        ; 10.707 ;
; i_data_10[25] ; o_data[25]  ; 10.741 ;        ;        ; 10.741 ;
; i_data_10[26] ; o_data[26]  ; 10.604 ;        ;        ; 10.604 ;
; i_data_10[27] ; o_data[27]  ; 11.394 ;        ;        ; 11.394 ;
; i_data_10[28] ; o_data[28]  ; 9.987  ;        ;        ; 9.987  ;
; i_data_10[29] ; o_data[29]  ; 10.663 ;        ;        ; 10.663 ;
; i_data_10[30] ; o_data[30]  ; 10.603 ;        ;        ; 10.603 ;
; i_data_10[31] ; o_data[31]  ; 9.833  ;        ;        ; 9.833  ;
; i_data_11[0]  ; o_data[0]   ; 10.078 ;        ;        ; 10.078 ;
; i_data_11[1]  ; o_data[1]   ; 10.132 ;        ;        ; 10.132 ;
; i_data_11[2]  ; o_data[2]   ; 9.849  ;        ;        ; 9.849  ;
; i_data_11[3]  ; o_data[3]   ; 9.820  ;        ;        ; 9.820  ;
; i_data_11[4]  ; o_data[4]   ; 10.221 ;        ;        ; 10.221 ;
; i_data_11[5]  ; o_data[5]   ; 10.600 ;        ;        ; 10.600 ;
; i_data_11[6]  ; o_data[6]   ; 9.715  ;        ;        ; 9.715  ;
; i_data_11[7]  ; o_data[7]   ; 10.506 ;        ;        ; 10.506 ;
; i_data_11[8]  ; o_data[8]   ; 10.640 ;        ;        ; 10.640 ;
; i_data_11[9]  ; o_data[9]   ; 10.643 ;        ;        ; 10.643 ;
; i_data_11[10] ; o_data[10]  ; 10.149 ;        ;        ; 10.149 ;
; i_data_11[11] ; o_data[11]  ; 10.010 ;        ;        ; 10.010 ;
; i_data_11[12] ; o_data[12]  ; 10.083 ;        ;        ; 10.083 ;
; i_data_11[13] ; o_data[13]  ; 10.300 ;        ;        ; 10.300 ;
; i_data_11[14] ; o_data[14]  ; 9.716  ;        ;        ; 9.716  ;
; i_data_11[15] ; o_data[15]  ; 10.590 ;        ;        ; 10.590 ;
; i_data_11[16] ; o_data[16]  ; 9.286  ;        ;        ; 9.286  ;
; i_data_11[17] ; o_data[17]  ; 10.030 ;        ;        ; 10.030 ;
; i_data_11[18] ; o_data[18]  ; 9.731  ;        ;        ; 9.731  ;
; i_data_11[19] ; o_data[19]  ; 9.852  ;        ;        ; 9.852  ;
; i_data_11[20] ; o_data[20]  ; 10.363 ;        ;        ; 10.363 ;
; i_data_11[21] ; o_data[21]  ; 6.259  ;        ;        ; 6.259  ;
; i_data_11[22] ; o_data[22]  ; 9.791  ;        ;        ; 9.791  ;
; i_data_11[23] ; o_data[23]  ; 10.443 ;        ;        ; 10.443 ;
; i_data_11[24] ; o_data[24]  ; 10.815 ;        ;        ; 10.815 ;
; i_data_11[25] ; o_data[25]  ; 10.831 ;        ;        ; 10.831 ;
; i_data_11[26] ; o_data[26]  ; 10.179 ;        ;        ; 10.179 ;
; i_data_11[27] ; o_data[27]  ; 10.710 ;        ;        ; 10.710 ;
; i_data_11[28] ; o_data[28]  ; 10.118 ;        ;        ; 10.118 ;
; i_data_11[29] ; o_data[29]  ; 10.851 ;        ;        ; 10.851 ;
; i_data_11[30] ; o_data[30]  ; 10.296 ;        ;        ; 10.296 ;
; i_data_11[31] ; o_data[31]  ; 9.841  ;        ;        ; 9.841  ;
; i_sel[0]      ; o_data[0]   ; 10.839 ; 10.839 ; 10.839 ; 10.839 ;
; i_sel[0]      ; o_data[1]   ; 10.831 ; 10.831 ; 10.831 ; 10.831 ;
; i_sel[0]      ; o_data[2]   ; 11.086 ; 11.086 ; 11.086 ; 11.086 ;
; i_sel[0]      ; o_data[3]   ; 11.067 ; 11.067 ; 11.067 ; 11.067 ;
; i_sel[0]      ; o_data[4]   ; 11.146 ; 11.146 ; 11.146 ; 11.146 ;
; i_sel[0]      ; o_data[5]   ; 11.131 ; 11.131 ; 11.131 ; 11.131 ;
; i_sel[0]      ; o_data[6]   ; 10.946 ; 10.946 ; 10.946 ; 10.946 ;
; i_sel[0]      ; o_data[7]   ; 11.635 ; 11.635 ; 11.635 ; 11.635 ;
; i_sel[0]      ; o_data[8]   ; 11.896 ; 11.896 ; 11.896 ; 11.896 ;
; i_sel[0]      ; o_data[9]   ; 11.618 ; 11.618 ; 11.618 ; 11.618 ;
; i_sel[0]      ; o_data[10]  ; 11.573 ; 11.573 ; 11.573 ; 11.573 ;
; i_sel[0]      ; o_data[11]  ; 11.665 ; 11.665 ; 11.665 ; 11.665 ;
; i_sel[0]      ; o_data[12]  ; 11.417 ; 11.417 ; 11.417 ; 11.417 ;
; i_sel[0]      ; o_data[13]  ; 11.553 ; 11.553 ; 11.553 ; 11.553 ;
; i_sel[0]      ; o_data[14]  ; 11.356 ; 11.356 ; 11.356 ; 11.356 ;
; i_sel[0]      ; o_data[15]  ; 11.568 ; 11.568 ; 11.568 ; 11.568 ;
; i_sel[0]      ; o_data[16]  ; 10.639 ; 10.639 ; 10.639 ; 10.639 ;
; i_sel[0]      ; o_data[17]  ; 10.896 ; 10.896 ; 10.896 ; 10.896 ;
; i_sel[0]      ; o_data[18]  ; 10.883 ; 10.883 ; 10.883 ; 10.883 ;
; i_sel[0]      ; o_data[19]  ; 10.913 ; 10.913 ; 10.913 ; 10.913 ;
; i_sel[0]      ; o_data[20]  ; 10.833 ; 10.833 ; 10.833 ; 10.833 ;
; i_sel[0]      ; o_data[21]  ; 11.074 ; 11.074 ; 11.074 ; 11.074 ;
; i_sel[0]      ; o_data[22]  ; 10.875 ; 10.875 ; 10.875 ; 10.875 ;
; i_sel[0]      ; o_data[23]  ; 10.561 ; 10.561 ; 10.561 ; 10.561 ;
; i_sel[0]      ; o_data[24]  ; 10.795 ; 10.795 ; 10.795 ; 10.795 ;
; i_sel[0]      ; o_data[25]  ; 11.058 ; 11.058 ; 11.058 ; 11.058 ;
; i_sel[0]      ; o_data[26]  ; 10.524 ; 10.524 ; 10.524 ; 10.524 ;
; i_sel[0]      ; o_data[27]  ; 11.036 ; 11.036 ; 11.036 ; 11.036 ;
; i_sel[0]      ; o_data[28]  ; 10.554 ; 10.554 ; 10.554 ; 10.554 ;
; i_sel[0]      ; o_data[29]  ; 11.052 ; 11.052 ; 11.052 ; 11.052 ;
; i_sel[0]      ; o_data[30]  ; 10.582 ; 10.582 ; 10.582 ; 10.582 ;
; i_sel[0]      ; o_data[31]  ; 10.703 ; 10.703 ; 10.703 ; 10.703 ;
; i_sel[1]      ; o_data[0]   ; 10.711 ; 10.446 ; 10.446 ; 10.711 ;
; i_sel[1]      ; o_data[1]   ; 10.720 ; 10.026 ; 10.026 ; 10.720 ;
; i_sel[1]      ; o_data[2]   ; 11.000 ; 10.285 ; 10.285 ; 11.000 ;
; i_sel[1]      ; o_data[3]   ; 10.981 ; 10.585 ; 10.585 ; 10.981 ;
; i_sel[1]      ; o_data[4]   ; 11.034 ; 10.306 ; 10.306 ; 11.034 ;
; i_sel[1]      ; o_data[5]   ; 11.019 ; 10.298 ; 10.298 ; 11.019 ;
; i_sel[1]      ; o_data[6]   ; 10.856 ; 10.272 ; 10.272 ; 10.856 ;
; i_sel[1]      ; o_data[7]   ; 11.795 ; 10.717 ; 10.717 ; 11.795 ;
; i_sel[1]      ; o_data[8]   ; 11.529 ; 11.109 ; 11.109 ; 11.529 ;
; i_sel[1]      ; o_data[9]   ; 11.815 ; 10.812 ; 10.812 ; 11.815 ;
; i_sel[1]      ; o_data[10]  ; 11.213 ; 10.859 ; 10.859 ; 11.213 ;
; i_sel[1]      ; o_data[11]  ; 11.299 ; 11.109 ; 11.109 ; 11.299 ;
; i_sel[1]      ; o_data[12]  ; 11.626 ; 10.820 ; 10.820 ; 11.626 ;
; i_sel[1]      ; o_data[13]  ; 11.208 ; 10.845 ; 10.845 ; 11.208 ;
; i_sel[1]      ; o_data[14]  ; 11.011 ; 10.803 ; 10.803 ; 11.011 ;
; i_sel[1]      ; o_data[15]  ; 11.224 ; 10.518 ; 10.518 ; 11.224 ;
; i_sel[1]      ; o_data[16]  ; 10.261 ; 9.776  ; 9.776  ; 10.261 ;
; i_sel[1]      ; o_data[17]  ; 10.541 ; 9.664  ; 9.664  ; 10.541 ;
; i_sel[1]      ; o_data[18]  ; 10.506 ; 9.829  ; 9.829  ; 10.506 ;
; i_sel[1]      ; o_data[19]  ; 10.369 ; 10.138 ; 10.138 ; 10.369 ;
; i_sel[1]      ; o_data[20]  ; 10.283 ; 9.766  ; 9.766  ; 10.283 ;
; i_sel[1]      ; o_data[21]  ; 10.520 ; 9.831  ; 9.831  ; 10.520 ;
; i_sel[1]      ; o_data[22]  ; 10.502 ; 9.632  ; 9.632  ; 10.502 ;
; i_sel[1]      ; o_data[23]  ; 10.699 ; 9.995  ; 9.995  ; 10.699 ;
; i_sel[1]      ; o_data[24]  ; 10.918 ; 10.223 ; 10.223 ; 10.918 ;
; i_sel[1]      ; o_data[25]  ; 11.197 ; 10.467 ; 10.467 ; 11.197 ;
; i_sel[1]      ; o_data[26]  ; 10.657 ; 10.292 ; 10.292 ; 10.657 ;
; i_sel[1]      ; o_data[27]  ; 11.143 ; 10.775 ; 10.775 ; 11.143 ;
; i_sel[1]      ; o_data[28]  ; 10.692 ; 9.986  ; 9.986  ; 10.692 ;
; i_sel[1]      ; o_data[29]  ; 11.171 ; 10.675 ; 10.675 ; 11.171 ;
; i_sel[1]      ; o_data[30]  ; 10.695 ; 10.199 ; 10.199 ; 10.695 ;
; i_sel[1]      ; o_data[31]  ; 10.326 ; 9.814  ; 9.814  ; 10.326 ;
+---------------+-------------+--------+--------+--------+--------+


+-------------------------------------------------------------+
; Minimum Progagation Delay                                   ;
+---------------+-------------+-------+-------+-------+-------+
; Input Port    ; Output Port ; RR    ; RF    ; FR    ; FF    ;
+---------------+-------------+-------+-------+-------+-------+
; i_data_01[0]  ; o_data[0]   ; 5.235 ;       ;       ; 5.235 ;
; i_data_01[1]  ; o_data[1]   ; 4.984 ;       ;       ; 4.984 ;
; i_data_01[2]  ; o_data[2]   ; 5.064 ;       ;       ; 5.064 ;
; i_data_01[3]  ; o_data[3]   ; 5.670 ;       ;       ; 5.670 ;
; i_data_01[4]  ; o_data[4]   ; 5.281 ;       ;       ; 5.281 ;
; i_data_01[5]  ; o_data[5]   ; 5.092 ;       ;       ; 5.092 ;
; i_data_01[6]  ; o_data[6]   ; 5.309 ;       ;       ; 5.309 ;
; i_data_01[7]  ; o_data[7]   ; 5.278 ;       ;       ; 5.278 ;
; i_data_01[8]  ; o_data[8]   ; 5.551 ;       ;       ; 5.551 ;
; i_data_01[9]  ; o_data[9]   ; 5.428 ;       ;       ; 5.428 ;
; i_data_01[10] ; o_data[10]  ; 5.028 ;       ;       ; 5.028 ;
; i_data_01[11] ; o_data[11]  ; 5.470 ;       ;       ; 5.470 ;
; i_data_01[12] ; o_data[12]  ; 5.267 ;       ;       ; 5.267 ;
; i_data_01[13] ; o_data[13]  ; 5.031 ;       ;       ; 5.031 ;
; i_data_01[14] ; o_data[14]  ; 5.191 ;       ;       ; 5.191 ;
; i_data_01[15] ; o_data[15]  ; 5.096 ;       ;       ; 5.096 ;
; i_data_01[16] ; o_data[16]  ; 5.159 ;       ;       ; 5.159 ;
; i_data_01[17] ; o_data[17]  ; 5.213 ;       ;       ; 5.213 ;
; i_data_01[18] ; o_data[18]  ; 5.100 ;       ;       ; 5.100 ;
; i_data_01[19] ; o_data[19]  ; 5.196 ;       ;       ; 5.196 ;
; i_data_01[20] ; o_data[20]  ; 2.623 ;       ;       ; 2.623 ;
; i_data_01[21] ; o_data[21]  ; 5.245 ;       ;       ; 5.245 ;
; i_data_01[22] ; o_data[22]  ; 5.203 ;       ;       ; 5.203 ;
; i_data_01[23] ; o_data[23]  ; 5.279 ;       ;       ; 5.279 ;
; i_data_01[24] ; o_data[24]  ; 5.609 ;       ;       ; 5.609 ;
; i_data_01[25] ; o_data[25]  ; 5.623 ;       ;       ; 5.623 ;
; i_data_01[26] ; o_data[26]  ; 5.423 ;       ;       ; 5.423 ;
; i_data_01[27] ; o_data[27]  ; 5.487 ;       ;       ; 5.487 ;
; i_data_01[28] ; o_data[28]  ; 5.153 ;       ;       ; 5.153 ;
; i_data_01[29] ; o_data[29]  ; 5.726 ;       ;       ; 5.726 ;
; i_data_01[30] ; o_data[30]  ; 5.566 ;       ;       ; 5.566 ;
; i_data_01[31] ; o_data[31]  ; 5.202 ;       ;       ; 5.202 ;
; i_data_10[0]  ; o_data[0]   ; 5.507 ;       ;       ; 5.507 ;
; i_data_10[1]  ; o_data[1]   ; 5.285 ;       ;       ; 5.285 ;
; i_data_10[2]  ; o_data[2]   ; 5.405 ;       ;       ; 5.405 ;
; i_data_10[3]  ; o_data[3]   ; 5.602 ;       ;       ; 5.602 ;
; i_data_10[4]  ; o_data[4]   ; 5.625 ;       ;       ; 5.625 ;
; i_data_10[5]  ; o_data[5]   ; 5.637 ;       ;       ; 5.637 ;
; i_data_10[6]  ; o_data[6]   ; 5.478 ;       ;       ; 5.478 ;
; i_data_10[7]  ; o_data[7]   ; 5.852 ;       ;       ; 5.852 ;
; i_data_10[8]  ; o_data[8]   ; 5.710 ;       ;       ; 5.710 ;
; i_data_10[9]  ; o_data[9]   ; 5.639 ;       ;       ; 5.639 ;
; i_data_10[10] ; o_data[10]  ; 5.557 ;       ;       ; 5.557 ;
; i_data_10[11] ; o_data[11]  ; 5.708 ;       ;       ; 5.708 ;
; i_data_10[12] ; o_data[12]  ; 5.600 ;       ;       ; 5.600 ;
; i_data_10[13] ; o_data[13]  ; 5.516 ;       ;       ; 5.516 ;
; i_data_10[14] ; o_data[14]  ; 5.616 ;       ;       ; 5.616 ;
; i_data_10[15] ; o_data[15]  ; 5.430 ;       ;       ; 5.430 ;
; i_data_10[16] ; o_data[16]  ; 5.198 ;       ;       ; 5.198 ;
; i_data_10[17] ; o_data[17]  ; 5.389 ;       ;       ; 5.389 ;
; i_data_10[18] ; o_data[18]  ; 5.502 ;       ;       ; 5.502 ;
; i_data_10[19] ; o_data[19]  ; 5.731 ;       ;       ; 5.731 ;
; i_data_10[20] ; o_data[20]  ; 2.914 ;       ;       ; 2.914 ;
; i_data_10[21] ; o_data[21]  ; 3.213 ;       ;       ; 3.213 ;
; i_data_10[22] ; o_data[22]  ; 5.579 ;       ;       ; 5.579 ;
; i_data_10[23] ; o_data[23]  ; 5.540 ;       ;       ; 5.540 ;
; i_data_10[24] ; o_data[24]  ; 5.829 ;       ;       ; 5.829 ;
; i_data_10[25] ; o_data[25]  ; 5.854 ;       ;       ; 5.854 ;
; i_data_10[26] ; o_data[26]  ; 5.766 ;       ;       ; 5.766 ;
; i_data_10[27] ; o_data[27]  ; 6.161 ;       ;       ; 6.161 ;
; i_data_10[28] ; o_data[28]  ; 5.486 ;       ;       ; 5.486 ;
; i_data_10[29] ; o_data[29]  ; 5.792 ;       ;       ; 5.792 ;
; i_data_10[30] ; o_data[30]  ; 5.780 ;       ;       ; 5.780 ;
; i_data_10[31] ; o_data[31]  ; 5.411 ;       ;       ; 5.411 ;
; i_data_11[0]  ; o_data[0]   ; 5.512 ;       ;       ; 5.512 ;
; i_data_11[1]  ; o_data[1]   ; 5.511 ;       ;       ; 5.511 ;
; i_data_11[2]  ; o_data[2]   ; 5.413 ;       ;       ; 5.413 ;
; i_data_11[3]  ; o_data[3]   ; 5.466 ;       ;       ; 5.466 ;
; i_data_11[4]  ; o_data[4]   ; 5.559 ;       ;       ; 5.559 ;
; i_data_11[5]  ; o_data[5]   ; 5.710 ;       ;       ; 5.710 ;
; i_data_11[6]  ; o_data[6]   ; 5.357 ;       ;       ; 5.357 ;
; i_data_11[7]  ; o_data[7]   ; 5.754 ;       ;       ; 5.754 ;
; i_data_11[8]  ; o_data[8]   ; 5.813 ;       ;       ; 5.813 ;
; i_data_11[9]  ; o_data[9]   ; 5.799 ;       ;       ; 5.799 ;
; i_data_11[10] ; o_data[10]  ; 5.537 ;       ;       ; 5.537 ;
; i_data_11[11] ; o_data[11]  ; 5.527 ;       ;       ; 5.527 ;
; i_data_11[12] ; o_data[12]  ; 5.555 ;       ;       ; 5.555 ;
; i_data_11[13] ; o_data[13]  ; 5.651 ;       ;       ; 5.651 ;
; i_data_11[14] ; o_data[14]  ; 5.360 ;       ;       ; 5.360 ;
; i_data_11[15] ; o_data[15]  ; 5.721 ;       ;       ; 5.721 ;
; i_data_11[16] ; o_data[16]  ; 5.164 ;       ;       ; 5.164 ;
; i_data_11[17] ; o_data[17]  ; 5.474 ;       ;       ; 5.474 ;
; i_data_11[18] ; o_data[18]  ; 5.364 ;       ;       ; 5.364 ;
; i_data_11[19] ; o_data[19]  ; 5.474 ;       ;       ; 5.474 ;
; i_data_11[20] ; o_data[20]  ; 5.644 ;       ;       ; 5.644 ;
; i_data_11[21] ; o_data[21]  ; 3.185 ;       ;       ; 3.185 ;
; i_data_11[22] ; o_data[22]  ; 5.382 ;       ;       ; 5.382 ;
; i_data_11[23] ; o_data[23]  ; 5.716 ;       ;       ; 5.716 ;
; i_data_11[24] ; o_data[24]  ; 5.855 ;       ;       ; 5.855 ;
; i_data_11[25] ; o_data[25]  ; 5.887 ;       ;       ; 5.887 ;
; i_data_11[26] ; o_data[26]  ; 5.596 ;       ;       ; 5.596 ;
; i_data_11[27] ; o_data[27]  ; 5.846 ;       ;       ; 5.846 ;
; i_data_11[28] ; o_data[28]  ; 5.548 ;       ;       ; 5.548 ;
; i_data_11[29] ; o_data[29]  ; 5.894 ;       ;       ; 5.894 ;
; i_data_11[30] ; o_data[30]  ; 5.674 ;       ;       ; 5.674 ;
; i_data_11[31] ; o_data[31]  ; 5.419 ;       ;       ; 5.419 ;
; i_sel[0]      ; o_data[0]   ; 5.716 ; 5.950 ; 5.950 ; 5.716 ;
; i_sel[0]      ; o_data[1]   ; 5.644 ; 5.930 ; 5.930 ; 5.644 ;
; i_sel[0]      ; o_data[2]   ; 5.756 ; 6.057 ; 6.057 ; 5.756 ;
; i_sel[0]      ; o_data[3]   ; 5.952 ; 6.119 ; 6.119 ; 5.952 ;
; i_sel[0]      ; o_data[4]   ; 5.783 ; 6.083 ; 6.083 ; 5.783 ;
; i_sel[0]      ; o_data[5]   ; 5.770 ; 6.070 ; 6.070 ; 5.770 ;
; i_sel[0]      ; o_data[6]   ; 5.746 ; 5.996 ; 5.996 ; 5.746 ;
; i_sel[0]      ; o_data[7]   ; 5.873 ; 6.331 ; 6.331 ; 5.873 ;
; i_sel[0]      ; o_data[8]   ; 6.118 ; 6.552 ; 6.552 ; 6.118 ;
; i_sel[0]      ; o_data[9]   ; 6.228 ; 6.407 ; 6.407 ; 6.228 ;
; i_sel[0]      ; o_data[10]  ; 5.937 ; 6.345 ; 6.345 ; 5.937 ;
; i_sel[0]      ; o_data[11]  ; 6.113 ; 6.445 ; 6.445 ; 6.113 ;
; i_sel[0]      ; o_data[12]  ; 6.228 ; 6.328 ; 6.328 ; 6.228 ;
; i_sel[0]      ; o_data[13]  ; 5.924 ; 6.316 ; 6.316 ; 5.924 ;
; i_sel[0]      ; o_data[14]  ; 5.926 ; 6.261 ; 6.261 ; 5.926 ;
; i_sel[0]      ; o_data[15]  ; 6.029 ; 6.328 ; 6.328 ; 6.029 ;
; i_sel[0]      ; o_data[16]  ; 5.603 ; 5.835 ; 5.835 ; 5.603 ;
; i_sel[0]      ; o_data[17]  ; 5.650 ; 5.938 ; 5.938 ; 5.650 ;
; i_sel[0]      ; o_data[18]  ; 5.585 ; 5.931 ; 5.931 ; 5.585 ;
; i_sel[0]      ; o_data[19]  ; 5.845 ; 6.014 ; 6.014 ; 5.845 ;
; i_sel[0]      ; o_data[20]  ; 5.553 ; 5.898 ; 5.898 ; 5.553 ;
; i_sel[0]      ; o_data[21]  ; 5.773 ; 6.080 ; 6.080 ; 5.773 ;
; i_sel[0]      ; o_data[22]  ; 5.634 ; 5.939 ; 5.939 ; 5.634 ;
; i_sel[0]      ; o_data[23]  ; 5.525 ; 5.825 ; 5.825 ; 5.525 ;
; i_sel[0]      ; o_data[24]  ; 5.633 ; 5.929 ; 5.929 ; 5.633 ;
; i_sel[0]      ; o_data[25]  ; 5.770 ; 6.062 ; 6.062 ; 5.770 ;
; i_sel[0]      ; o_data[26]  ; 5.409 ; 5.804 ; 5.804 ; 5.409 ;
; i_sel[0]      ; o_data[27]  ; 5.740 ; 6.055 ; 6.055 ; 5.740 ;
; i_sel[0]      ; o_data[28]  ; 5.515 ; 5.814 ; 5.814 ; 5.515 ;
; i_sel[0]      ; o_data[29]  ; 5.841 ; 6.056 ; 6.056 ; 5.841 ;
; i_sel[0]      ; o_data[30]  ; 5.627 ; 5.845 ; 5.845 ; 5.627 ;
; i_sel[0]      ; o_data[31]  ; 5.644 ; 5.854 ; 5.854 ; 5.644 ;
; i_sel[1]      ; o_data[0]   ; 5.919 ; 5.814 ; 5.814 ; 5.919 ;
; i_sel[1]      ; o_data[1]   ; 5.915 ; 5.600 ; 5.600 ; 5.915 ;
; i_sel[1]      ; o_data[2]   ; 6.041 ; 5.708 ; 5.708 ; 6.041 ;
; i_sel[1]      ; o_data[3]   ; 6.103 ; 5.911 ; 5.911 ; 6.103 ;
; i_sel[1]      ; o_data[4]   ; 6.070 ; 5.723 ; 5.723 ; 6.070 ;
; i_sel[1]      ; o_data[5]   ; 6.057 ; 5.716 ; 5.716 ; 6.057 ;
; i_sel[1]      ; o_data[6]   ; 5.974 ; 5.707 ; 5.707 ; 5.974 ;
; i_sel[1]      ; o_data[7]   ; 6.423 ; 5.971 ; 5.971 ; 6.423 ;
; i_sel[1]      ; o_data[8]   ; 6.330 ; 6.146 ; 6.146 ; 6.330 ;
; i_sel[1]      ; o_data[9]   ; 6.452 ; 6.021 ; 6.021 ; 6.452 ;
; i_sel[1]      ; o_data[10]  ; 6.131 ; 5.986 ; 5.986 ; 6.131 ;
; i_sel[1]      ; o_data[11]  ; 6.223 ; 6.140 ; 6.140 ; 6.223 ;
; i_sel[1]      ; o_data[12]  ; 6.383 ; 6.030 ; 6.030 ; 6.383 ;
; i_sel[1]      ; o_data[13]  ; 6.118 ; 5.962 ; 5.962 ; 6.118 ;
; i_sel[1]      ; o_data[14]  ; 6.061 ; 5.959 ; 5.959 ; 6.061 ;
; i_sel[1]      ; o_data[15]  ; 6.130 ; 5.829 ; 5.829 ; 6.130 ;
; i_sel[1]      ; o_data[16]  ; 5.619 ; 5.411 ; 5.411 ; 5.619 ;
; i_sel[1]      ; o_data[17]  ; 5.745 ; 5.366 ; 5.366 ; 5.745 ;
; i_sel[1]      ; o_data[18]  ; 5.743 ; 5.445 ; 5.445 ; 5.743 ;
; i_sel[1]      ; o_data[19]  ; 5.748 ; 5.648 ; 5.648 ; 5.748 ;
; i_sel[1]      ; o_data[20]  ; 5.652 ; 5.401 ; 5.401 ; 5.652 ;
; i_sel[1]      ; o_data[21]  ; 5.804 ; 5.498 ; 5.498 ; 5.804 ;
; i_sel[1]      ; o_data[22]  ; 5.729 ; 5.359 ; 5.359 ; 5.729 ;
; i_sel[1]      ; o_data[23]  ; 5.913 ; 5.612 ; 5.612 ; 5.913 ;
; i_sel[1]      ; o_data[24]  ; 6.004 ; 5.710 ; 5.710 ; 6.004 ;
; i_sel[1]      ; o_data[25]  ; 6.153 ; 5.826 ; 5.826 ; 6.153 ;
; i_sel[1]      ; o_data[26]  ; 5.888 ; 5.730 ; 5.730 ; 5.888 ;
; i_sel[1]      ; o_data[27]  ; 6.111 ; 5.955 ; 5.955 ; 6.111 ;
; i_sel[1]      ; o_data[28]  ; 5.904 ; 5.603 ; 5.603 ; 5.904 ;
; i_sel[1]      ; o_data[29]  ; 6.127 ; 5.912 ; 5.912 ; 6.127 ;
; i_sel[1]      ; o_data[30]  ; 5.907 ; 5.692 ; 5.692 ; 5.907 ;
; i_sel[1]      ; o_data[31]  ; 5.666 ; 5.430 ; 5.430 ; 5.666 ;
+---------------+-------------+-------+-------+-------+-------+


-------------------
; Clock Transfers ;
-------------------
Nothing to report.


---------------
; Report TCCS ;
---------------
No dedicated SERDES Transmitter circuitry present in device or used in design


---------------
; Report RSKM ;
---------------
No dedicated SERDES Receiver circuitry present in device or used in design


+------------------------------------------------+
; Unconstrained Paths                            ;
+---------------------------------+-------+------+
; Property                        ; Setup ; Hold ;
+---------------------------------+-------+------+
; Illegal Clocks                  ; 0     ; 0    ;
; Unconstrained Clocks            ; 0     ; 0    ;
; Unconstrained Input Ports       ; 98    ; 98   ;
; Unconstrained Input Port Paths  ; 160   ; 160  ;
; Unconstrained Output Ports      ; 32    ; 32   ;
; Unconstrained Output Port Paths ; 160   ; 160  ;
+---------------------------------+-------+------+


+------------------------------------+
; TimeQuest Timing Analyzer Messages ;
+------------------------------------+
Info: *******************************************************************
Info: Running Quartus II 64-Bit TimeQuest Timing Analyzer
    Info: Version 13.0.1 Build 232 06/12/2013 Service Pack 1 SJ Web Edition
    Info: Processing started: Thu Nov 07 22:13:17 2024
Info: Command: quartus_sta mux3to1 -c mux3to1
Info: qsta_default_script.tcl version: #1
Warning (20028): Parallel compilation is not licensed and has been disabled
Critical Warning (332012): Synopsys Design Constraints File file not found: 'mux3to1.sdc'. A Synopsys Design Constraints File is required by the TimeQuest Timing Analyzer to get proper timing constraints. Without it, the Compiler will not properly optimize the design.
Info (332142): No user constrained base clocks found in the design. Calling "derive_clocks -period 1.0"
Info (332096): The command derive_clocks did not find any clocks to derive.  No clocks were created or changed.
Warning (332068): No clocks defined in design.
Info: Found TIMEQUEST_REPORT_SCRIPT_INCLUDE_DEFAULT_ANALYSIS = ON
Info (332159): No clocks to report
Info: Analyzing Slow Model
Info (332140): No fmax paths to report
Info (332140): No Setup paths to report
Info (332140): No Hold paths to report
Info (332140): No Recovery paths to report
Info (332140): No Removal paths to report
Info (332140): No Minimum Pulse Width paths to report
Info (332001): The selected device family is not supported by the report_metastability command.
Info: Analyzing Fast Model
Info (332142): No user constrained base clocks found in the design. Calling "derive_clocks -period 1.0"
Info (332096): The command derive_clocks did not find any clocks to derive.  No clocks were created or changed.
Warning (332068): No clocks defined in design.
Info (332140): No Setup paths to report
Info (332140): No Hold paths to report
Info (332140): No Recovery paths to report
Info (332140): No Removal paths to report
Info (332140): No Minimum Pulse Width paths to report
Info (332001): The selected device family is not supported by the report_metastability command.
Info (332102): Design is not fully constrained for setup requirements
Info (332102): Design is not fully constrained for hold requirements
Info: Quartus II 64-Bit TimeQuest Timing Analyzer was successful. 0 errors, 4 warnings
    Info: Peak virtual memory: 4538 megabytes
    Info: Processing ended: Thu Nov 07 22:13:18 2024
    Info: Elapsed time: 00:00:01
    Info: Total CPU time (on all processors): 00:00:00


